2025-04-09 10:56:44,434 [Worker-6: Loading available Gradle versions] INFO  o.e.b.c.i.u.g.PublishedGradleVersions - Gradle version information cache is not available. Remote download required.
2025-04-09 11:01:53,126 [Worker-8: Importing Maven projects] INFO  o.e.m.c.i.l.LifecycleMappingFactory - Using org.eclipse.m2e.jdt.JarLifecycleMapping lifecycle mapping for MavenProject: com.topics:Topic:0.0.1-SNAPSHOT @ /Users/chin/Documents/Java資策會/Spring/workspace/Topic/pom.xml.
2025-04-09 11:01:54,842 [Worker-8: Importing Maven projects] INFO  o.e.m.j.i.AbstractJavaProjectConfigurator - Adding source folder /Topic/src/main/java
2025-04-09 11:01:54,846 [Worker-8: Importing Maven projects] INFO  o.e.m.j.i.AbstractJavaProjectConfigurator - Adding resource folder /Topic/src/main/resources
2025-04-09 11:01:54,847 [Worker-8: Importing Maven projects] INFO  o.e.m.j.i.AbstractJavaProjectConfigurator - Adding resource folder /Topic/src/main/resources
2025-04-09 11:01:54,849 [Worker-8: Importing Maven projects] INFO  o.e.m.j.i.AbstractJavaProjectConfigurator - Adding source folder /Topic/src/test/java
2025-04-09 11:01:54,850 [Worker-8: Importing Maven projects] INFO  o.e.m.j.i.AbstractJavaProjectConfigurator - Adding resource folder /Topic/src/test/resources
2025-04-09 11:01:55,148 [Worker-8: Importing Maven projects] INFO  o.e.m.c.i.p.ProjectConfigurationManager - Imported and configured 1 project(s) in 4 sec
2025-04-09 11:01:57,614 [Worker-4: Building] INFO  o.a.m.s.f.DefaultMavenResourcesFiltering - Copying 1 resource from src/main/resources to target/classes
2025-04-09 11:01:57,645 [Worker-4: Building] INFO  o.a.m.s.f.DefaultMavenResourcesFiltering - Copying 5 resources from src/main/resources to target/classes
2025-04-09 11:01:58,105 [Worker-4: Building] INFO  o.e.m.c.i.embedder.EclipseLogger - Starting Hibernate enhancement for classes on /Users/chin/Documents/Java資策會/Spring/workspace/Topic/target/classes
2025-04-09 11:01:59,294 [Worker-4: Building] INFO  o.a.m.s.f.DefaultMavenResourcesFiltering - skip non existing resourceDirectory /Users/chin/Documents/Java資策會/Spring/workspace/Topic/src/test/resources
2025-04-09 11:03:36,663 [Worker-4: Updating Maven Project] INFO  o.e.m.c.i.p.ProjectConfigurationManager - Update started
2025-04-09 11:03:37,655 [Worker-4: Updating Maven Project] INFO  o.e.m.c.i.l.LifecycleMappingFactory - Using org.eclipse.m2e.jdt.JarLifecycleMapping lifecycle mapping for MavenProject: com.topics:Topic:0.0.1-SNAPSHOT @ /Users/chin/Documents/Java資策會/Spring/workspace/Topic/pom.xml.
2025-04-09 11:03:38,443 [Worker-4: Updating Maven Project] INFO  o.e.m.j.i.AbstractJavaProjectConfigurator - Adding source folder /Topic/src/main/java
2025-04-09 11:03:38,444 [Worker-4: Updating Maven Project] INFO  o.e.m.j.i.AbstractJavaProjectConfigurator - Adding resource folder /Topic/src/main/resources
2025-04-09 11:03:38,444 [Worker-4: Updating Maven Project] INFO  o.e.m.j.i.AbstractJavaProjectConfigurator - Adding resource folder /Topic/src/main/resources
2025-04-09 11:03:38,444 [Worker-4: Updating Maven Project] INFO  o.e.m.j.i.AbstractJavaProjectConfigurator - Adding source folder /Topic/src/test/java
2025-04-09 11:03:38,445 [Worker-4: Updating Maven Project] INFO  o.e.m.j.i.AbstractJavaProjectConfigurator - Adding resource folder /Topic/src/test/resources
2025-04-09 11:03:38,664 [Worker-4: Updating Maven Project] INFO  o.e.m.c.i.p.ProjectConfigurationManager - Update completed for 1 poms: local refresh takes 0.00 sec, refresh facades takes 1.00 sec, update config takes 0.00 sec 
2025-04-09 11:03:39,175 [Worker-7: Building] INFO  o.a.m.s.f.DefaultMavenResourcesFiltering - Copying 1 resource from src/main/resources to target/classes
2025-04-09 11:03:39,198 [Worker-7: Building] INFO  o.a.m.s.f.DefaultMavenResourcesFiltering - Copying 5 resources from src/main/resources to target/classes
2025-04-09 11:03:39,301 [Worker-7: Building] INFO  o.e.m.c.i.embedder.EclipseLogger - Starting Hibernate enhancement for classes on /Users/chin/Documents/Java資策會/Spring/workspace/Topic/target/classes
2025-04-09 11:03:40,100 [Worker-7: Building] INFO  o.a.m.s.f.DefaultMavenResourcesFiltering - skip non existing resourceDirectory /Users/chin/Documents/Java資策會/Spring/workspace/Topic/src/test/resources
2025-04-09 11:37:43,760 [Worker-7: Building] INFO  o.a.m.s.f.DefaultMavenResourcesFiltering - Copying 1 resource from src/main/resources to target/classes
2025-04-09 11:37:43,920 [Worker-7: Building] INFO  o.a.m.s.f.DefaultMavenResourcesFiltering - Copying 5 resources from src/main/resources to target/classes
2025-04-09 11:37:43,931 [Worker-7: Building] INFO  o.e.m.c.i.embedder.EclipseLogger - Starting Hibernate enhancement for classes on /Users/chin/Documents/Java資策會/Spring/workspace/Topic/target/classes
2025-04-09 11:37:44,018 [Worker-7: Building] INFO  o.a.m.s.f.DefaultMavenResourcesFiltering - skip non existing resourceDirectory /Users/chin/Documents/Java資策會/Spring/workspace/Topic/src/test/resources
2025-04-09 11:55:15,305 [Worker-8: Building] INFO  o.a.m.s.f.DefaultMavenResourcesFiltering - Copying 0 resource from src/main/resources to target/classes
2025-04-09 11:55:15,326 [Worker-8: Building] INFO  o.a.m.s.f.DefaultMavenResourcesFiltering - Copying 1 resource from src/main/resources to target/classes
2025-04-09 11:55:15,357 [Worker-8: Building] INFO  o.e.m.c.i.embedder.EclipseLogger - Starting Hibernate enhancement for classes on /Users/chin/Documents/Java資策會/Spring/workspace/Topic/target/classes
2025-04-09 11:55:15,475 [Worker-8: Building] INFO  o.a.m.s.f.DefaultMavenResourcesFiltering - skip non existing resourceDirectory /Users/chin/Documents/Java資策會/Spring/workspace/Topic/src/test/resources
2025-04-09 12:00:37,116 [Worker-19: Building] INFO  o.a.m.s.f.DefaultMavenResourcesFiltering - Copying 1 resource from src/main/resources to target/classes
2025-04-09 12:00:37,300 [Worker-19: Building] INFO  o.a.m.s.f.DefaultMavenResourcesFiltering - Copying 5 resources from src/main/resources to target/classes
2025-04-09 12:00:37,305 [Worker-19: Building] INFO  o.e.m.c.i.embedder.EclipseLogger - Starting Hibernate enhancement for classes on /Users/chin/Documents/Java資策會/Spring/workspace/Topic/target/classes
2025-04-09 12:00:37,469 [Worker-19: Building] INFO  o.a.m.s.f.DefaultMavenResourcesFiltering - skip non existing resourceDirectory /Users/chin/Documents/Java資策會/Spring/workspace/Topic/src/test/resources
2025-04-09 12:02:55,068 [Worker-19: Building] INFO  o.a.m.s.f.DefaultMavenResourcesFiltering - Copying 1 resource from src/main/resources to target/classes
2025-04-09 12:02:55,079 [Worker-19: Building] INFO  o.a.m.s.f.DefaultMavenResourcesFiltering - Copying 5 resources from src/main/resources to target/classes
2025-04-09 12:02:55,087 [Worker-19: Building] INFO  o.e.m.c.i.embedder.EclipseLogger - Starting Hibernate enhancement for classes on /Users/chin/Documents/Java資策會/Spring/workspace/Topic/target/classes
2025-04-09 12:02:55,174 [Worker-19: Building] INFO  o.a.m.s.f.DefaultMavenResourcesFiltering - skip non existing resourceDirectory /Users/chin/Documents/Java資策會/Spring/workspace/Topic/src/test/resources
2025-04-09 12:02:56,270 [Worker-21: Building] INFO  o.a.m.s.f.DefaultMavenResourcesFiltering - Copying 1 resource from src/main/resources to target/classes
2025-04-09 12:02:56,280 [Worker-21: Building] INFO  o.a.m.s.f.DefaultMavenResourcesFiltering - Copying 5 resources from src/main/resources to target/classes
2025-04-09 12:02:56,285 [Worker-21: Building] INFO  o.e.m.c.i.embedder.EclipseLogger - Starting Hibernate enhancement for classes on /Users/chin/Documents/Java資策會/Spring/workspace/Topic/target/classes
2025-04-09 12:02:56,316 [Worker-21: Building] INFO  o.a.m.s.f.DefaultMavenResourcesFiltering - skip non existing resourceDirectory /Users/chin/Documents/Java資策會/Spring/workspace/Topic/src/test/resources
2025-04-09 12:03:30,669 [Worker-2: Building] INFO  o.a.m.s.f.DefaultMavenResourcesFiltering - Copying 1 resource from src/main/resources to target/classes
2025-04-09 12:03:30,694 [Worker-2: Building] INFO  o.a.m.s.f.DefaultMavenResourcesFiltering - Copying 5 resources from src/main/resources to target/classes
2025-04-09 12:03:30,698 [Worker-2: Building] INFO  o.e.m.c.i.embedder.EclipseLogger - Starting Hibernate enhancement for classes on /Users/chin/Documents/Java資策會/Spring/workspace/Topic/target/classes
2025-04-09 12:03:30,728 [Worker-2: Building] INFO  o.a.m.s.f.DefaultMavenResourcesFiltering - skip non existing resourceDirectory /Users/chin/Documents/Java資策會/Spring/workspace/Topic/src/test/resources
2025-04-09 12:12:45,413 [Worker-8: Building] INFO  o.a.m.s.f.DefaultMavenResourcesFiltering - Copying 0 resource from src/main/resources to target/classes
2025-04-09 12:12:45,421 [Worker-8: Building] INFO  o.a.m.s.f.DefaultMavenResourcesFiltering - Copying 1 resource from src/main/resources to target/classes
2025-04-09 12:12:45,428 [Worker-8: Building] INFO  o.e.m.c.i.embedder.EclipseLogger - Starting Hibernate enhancement for classes on /Users/chin/Documents/Java資策會/Spring/workspace/Topic/target/classes
2025-04-09 12:12:45,611 [Worker-8: Building] INFO  o.a.m.s.f.DefaultMavenResourcesFiltering - skip non existing resourceDirectory /Users/chin/Documents/Java資策會/Spring/workspace/Topic/src/test/resources
2025-04-09 12:13:40,311 [Worker-18: Building] INFO  o.a.m.s.f.DefaultMavenResourcesFiltering - Copying 0 resource from src/main/resources to target/classes
2025-04-09 12:13:40,313 [Worker-18: Building] INFO  o.a.m.s.f.DefaultMavenResourcesFiltering - Copying 1 resource from src/main/resources to target/classes
2025-04-09 12:13:40,321 [Worker-18: Building] INFO  o.e.m.c.i.embedder.EclipseLogger - Starting Hibernate enhancement for classes on /Users/chin/Documents/Java資策會/Spring/workspace/Topic/target/classes
2025-04-09 12:13:40,438 [Worker-18: Building] INFO  o.a.m.s.f.DefaultMavenResourcesFiltering - skip non existing resourceDirectory /Users/chin/Documents/Java資策會/Spring/workspace/Topic/src/test/resources
2025-04-09 12:14:24,544 [Worker-18: Building] INFO  o.a.m.s.f.DefaultMavenResourcesFiltering - Copying 0 resource from src/main/resources to target/classes
2025-04-09 12:14:24,550 [Worker-18: Building] INFO  o.a.m.s.f.DefaultMavenResourcesFiltering - Copying 1 resource from src/main/resources to target/classes
2025-04-09 12:14:24,580 [Worker-18: Building] INFO  o.e.m.c.i.embedder.EclipseLogger - Starting Hibernate enhancement for classes on /Users/chin/Documents/Java資策會/Spring/workspace/Topic/target/classes
2025-04-09 12:14:24,667 [Worker-18: Building] INFO  o.a.m.s.f.DefaultMavenResourcesFiltering - skip non existing resourceDirectory /Users/chin/Documents/Java資策會/Spring/workspace/Topic/src/test/resources
2025-04-09 12:14:50,705 [Worker-19: Building] INFO  o.a.m.s.f.DefaultMavenResourcesFiltering - Copying 0 resource from src/main/resources to target/classes
2025-04-09 12:14:50,707 [Worker-19: Building] INFO  o.a.m.s.f.DefaultMavenResourcesFiltering - Copying 1 resource from src/main/resources to target/classes
2025-04-09 12:14:50,717 [Worker-19: Building] INFO  o.e.m.c.i.embedder.EclipseLogger - Starting Hibernate enhancement for classes on /Users/chin/Documents/Java資策會/Spring/workspace/Topic/target/classes
2025-04-09 12:14:50,807 [Worker-19: Building] INFO  o.a.m.s.f.DefaultMavenResourcesFiltering - skip non existing resourceDirectory /Users/chin/Documents/Java資策會/Spring/workspace/Topic/src/test/resources
2025-04-09 12:19:19,686 [Worker-7: Building] INFO  o.a.m.s.f.DefaultMavenResourcesFiltering - Copying 0 resource from src/main/resources to target/classes
2025-04-09 12:19:19,705 [Worker-7: Building] INFO  o.a.m.s.f.DefaultMavenResourcesFiltering - Copying 1 resource from src/main/resources to target/classes
2025-04-09 12:19:19,715 [Worker-7: Building] INFO  o.e.m.c.i.embedder.EclipseLogger - Starting Hibernate enhancement for classes on /Users/chin/Documents/Java資策會/Spring/workspace/Topic/target/classes
2025-04-09 12:19:19,791 [Worker-7: Building] INFO  o.a.m.s.f.DefaultMavenResourcesFiltering - skip non existing resourceDirectory /Users/chin/Documents/Java資策會/Spring/workspace/Topic/src/test/resources
2025-04-09 12:22:15,424 [Worker-20: Building] INFO  o.a.m.s.f.DefaultMavenResourcesFiltering - Copying 0 resource from src/main/resources to target/classes
2025-04-09 12:22:15,427 [Worker-20: Building] INFO  o.a.m.s.f.DefaultMavenResourcesFiltering - Copying 1 resource from src/main/resources to target/classes
2025-04-09 12:22:15,435 [Worker-20: Building] INFO  o.e.m.c.i.embedder.EclipseLogger - Starting Hibernate enhancement for classes on /Users/chin/Documents/Java資策會/Spring/workspace/Topic/target/classes
2025-04-09 12:22:15,581 [Worker-20: Building] INFO  o.a.m.s.f.DefaultMavenResourcesFiltering - skip non existing resourceDirectory /Users/chin/Documents/Java資策會/Spring/workspace/Topic/src/test/resources
2025-04-09 12:23:15,487 [Worker-4: Building] INFO  o.a.m.s.f.DefaultMavenResourcesFiltering - Copying 0 resource from src/main/resources to target/classes
2025-04-09 12:23:15,488 [Worker-4: Building] INFO  o.a.m.s.f.DefaultMavenResourcesFiltering - Copying 1 resource from src/main/resources to target/classes
2025-04-09 12:23:15,495 [Worker-4: Building] INFO  o.e.m.c.i.embedder.EclipseLogger - Starting Hibernate enhancement for classes on /Users/chin/Documents/Java資策會/Spring/workspace/Topic/target/classes
2025-04-09 12:23:15,597 [Worker-4: Building] INFO  o.a.m.s.f.DefaultMavenResourcesFiltering - skip non existing resourceDirectory /Users/chin/Documents/Java資策會/Spring/workspace/Topic/src/test/resources
2025-04-09 13:06:40,257 [Worker-21: Building] INFO  o.a.m.s.f.DefaultMavenResourcesFiltering - Copying 1 resource from src/main/resources to target/classes
2025-04-09 13:06:40,410 [Worker-21: Building] INFO  o.a.m.s.f.DefaultMavenResourcesFiltering - Copying 5 resources from src/main/resources to target/classes
2025-04-09 13:06:40,420 [Worker-21: Building] INFO  o.e.m.c.i.embedder.EclipseLogger - Starting Hibernate enhancement for classes on /Users/chin/Documents/Java資策會/Spring/workspace/Topic/target/classes
2025-04-09 13:06:40,556 [Worker-21: Building] INFO  o.a.m.s.f.DefaultMavenResourcesFiltering - skip non existing resourceDirectory /Users/chin/Documents/Java資策會/Spring/workspace/Topic/src/test/resources
2025-04-09 13:06:42,821 [Worker-21: Building] INFO  o.a.m.s.f.DefaultMavenResourcesFiltering - Copying 1 resource from src/main/resources to target/classes
2025-04-09 13:06:42,951 [Worker-21: Building] INFO  o.a.m.s.f.DefaultMavenResourcesFiltering - Copying 5 resources from src/main/resources to target/classes
2025-04-09 13:06:42,959 [Worker-21: Building] INFO  o.e.m.c.i.embedder.EclipseLogger - Starting Hibernate enhancement for classes on /Users/chin/Documents/Java資策會/Spring/workspace/Topic/target/classes
2025-04-09 13:06:43,032 [Worker-21: Building] INFO  o.a.m.s.f.DefaultMavenResourcesFiltering - skip non existing resourceDirectory /Users/chin/Documents/Java資策會/Spring/workspace/Topic/src/test/resources
2025-04-09 13:22:12,906 [Worker-7: Building] INFO  o.a.m.s.f.DefaultMavenResourcesFiltering - Copying 0 resource from src/main/resources to target/classes
2025-04-09 13:22:12,926 [Worker-7: Building] INFO  o.a.m.s.f.DefaultMavenResourcesFiltering - Copying 1 resource from src/main/resources to target/classes
2025-04-09 13:22:12,956 [Worker-7: Building] INFO  o.e.m.c.i.embedder.EclipseLogger - Starting Hibernate enhancement for classes on /Users/chin/Documents/Java資策會/Spring/workspace/Topic/target/classes
2025-04-09 13:22:13,345 [Worker-7: Building] INFO  o.a.m.s.f.DefaultMavenResourcesFiltering - skip non existing resourceDirectory /Users/chin/Documents/Java資策會/Spring/workspace/Topic/src/test/resources
2025-04-09 13:24:06,014 [Worker-8: Building] INFO  o.a.m.s.f.DefaultMavenResourcesFiltering - Copying 0 resource from src/main/resources to target/classes
2025-04-09 13:24:06,026 [Worker-8: Building] INFO  o.a.m.s.f.DefaultMavenResourcesFiltering - Copying 1 resource from src/main/resources to target/classes
2025-04-09 13:24:06,046 [Worker-8: Building] INFO  o.e.m.c.i.embedder.EclipseLogger - Starting Hibernate enhancement for classes on /Users/chin/Documents/Java資策會/Spring/workspace/Topic/target/classes
2025-04-09 13:24:06,273 [Worker-8: Building] INFO  o.a.m.s.f.DefaultMavenResourcesFiltering - skip non existing resourceDirectory /Users/chin/Documents/Java資策會/Spring/workspace/Topic/src/test/resources
2025-04-09 13:24:22,011 [Worker-7: Building] INFO  o.a.m.s.f.DefaultMavenResourcesFiltering - Copying 1 resource from src/main/resources to target/classes
2025-04-09 13:24:22,111 [Worker-7: Building] INFO  o.a.m.s.f.DefaultMavenResourcesFiltering - Copying 5 resources from src/main/resources to target/classes
2025-04-09 13:24:22,119 [Worker-7: Building] INFO  o.e.m.c.i.embedder.EclipseLogger - Starting Hibernate enhancement for classes on /Users/chin/Documents/Java資策會/Spring/workspace/Topic/target/classes
2025-04-09 13:24:22,212 [Worker-7: Building] INFO  o.a.m.s.f.DefaultMavenResourcesFiltering - skip non existing resourceDirectory /Users/chin/Documents/Java資策會/Spring/workspace/Topic/src/test/resources
2025-04-09 13:24:34,647 [Worker-19: Building] INFO  o.a.m.s.f.DefaultMavenResourcesFiltering - Copying 1 resource from src/main/resources to target/classes
2025-04-09 13:24:34,685 [Worker-19: Building] INFO  o.a.m.s.f.DefaultMavenResourcesFiltering - Copying 5 resources from src/main/resources to target/classes
2025-04-09 13:24:34,690 [Worker-19: Building] INFO  o.e.m.c.i.embedder.EclipseLogger - Starting Hibernate enhancement for classes on /Users/chin/Documents/Java資策會/Spring/workspace/Topic/target/classes
2025-04-09 13:24:34,737 [Worker-19: Building] INFO  o.a.m.s.f.DefaultMavenResourcesFiltering - skip non existing resourceDirectory /Users/chin/Documents/Java資策會/Spring/workspace/Topic/src/test/resources
2025-04-09 13:26:36,899 [Worker-18: Building] INFO  o.a.m.s.f.DefaultMavenResourcesFiltering - Copying 1 resource from src/main/resources to target/classes
2025-04-09 13:26:36,967 [Worker-18: Building] INFO  o.a.m.s.f.DefaultMavenResourcesFiltering - Copying 5 resources from src/main/resources to target/classes
2025-04-09 13:26:36,975 [Worker-18: Building] INFO  o.e.m.c.i.embedder.EclipseLogger - Starting Hibernate enhancement for classes on /Users/chin/Documents/Java資策會/Spring/workspace/Topic/target/classes
2025-04-09 13:26:37,523 [Worker-18: Building] INFO  o.a.m.s.f.DefaultMavenResourcesFiltering - skip non existing resourceDirectory /Users/chin/Documents/Java資策會/Spring/workspace/Topic/src/test/resources
2025-04-09 13:34:11,879 [Worker-8: Building] INFO  o.a.m.s.f.DefaultMavenResourcesFiltering - Copying 0 resource from src/main/resources to target/classes
2025-04-09 13:34:11,882 [Worker-8: Building] INFO  o.a.m.s.f.DefaultMavenResourcesFiltering - Copying 1 resource from src/main/resources to target/classes
2025-04-09 13:34:11,890 [Worker-8: Building] INFO  o.e.m.c.i.embedder.EclipseLogger - Starting Hibernate enhancement for classes on /Users/chin/Documents/Java資策會/Spring/workspace/Topic/target/classes
2025-04-09 13:34:11,981 [Worker-8: Building] INFO  o.a.m.s.f.DefaultMavenResourcesFiltering - skip non existing resourceDirectory /Users/chin/Documents/Java資策會/Spring/workspace/Topic/src/test/resources
2025-04-09 13:41:19,399 [Worker-8: Building] INFO  o.a.m.s.f.DefaultMavenResourcesFiltering - Copying 0 resource from src/main/resources to target/classes
2025-04-09 13:41:19,405 [Worker-8: Building] INFO  o.a.m.s.f.DefaultMavenResourcesFiltering - Copying 1 resource from src/main/resources to target/classes
2025-04-09 13:41:19,414 [Worker-8: Building] INFO  o.e.m.c.i.embedder.EclipseLogger - Starting Hibernate enhancement for classes on /Users/chin/Documents/Java資策會/Spring/workspace/Topic/target/classes
2025-04-09 13:41:19,565 [Worker-8: Building] INFO  o.a.m.s.f.DefaultMavenResourcesFiltering - skip non existing resourceDirectory /Users/chin/Documents/Java資策會/Spring/workspace/Topic/src/test/resources
2025-04-09 13:46:59,280 [Worker-7: Building] INFO  o.a.m.s.f.DefaultMavenResourcesFiltering - Copying 0 resource from src/main/resources to target/classes
2025-04-09 13:46:59,287 [Worker-7: Building] INFO  o.a.m.s.f.DefaultMavenResourcesFiltering - Copying 1 resource from src/main/resources to target/classes
2025-04-09 13:46:59,311 [Worker-7: Building] INFO  o.e.m.c.i.embedder.EclipseLogger - Starting Hibernate enhancement for classes on /Users/chin/Documents/Java資策會/Spring/workspace/Topic/target/classes
2025-04-09 13:46:59,495 [Worker-7: Building] INFO  o.a.m.s.f.DefaultMavenResourcesFiltering - skip non existing resourceDirectory /Users/chin/Documents/Java資策會/Spring/workspace/Topic/src/test/resources
2025-04-09 13:51:27,762 [Worker-18: Building] INFO  o.a.m.s.f.DefaultMavenResourcesFiltering - Copying 0 resource from src/main/resources to target/classes
2025-04-09 13:51:27,766 [Worker-18: Building] INFO  o.a.m.s.f.DefaultMavenResourcesFiltering - Copying 1 resource from src/main/resources to target/classes
2025-04-09 13:51:27,790 [Worker-18: Building] INFO  o.e.m.c.i.embedder.EclipseLogger - Starting Hibernate enhancement for classes on /Users/chin/Documents/Java資策會/Spring/workspace/Topic/target/classes
2025-04-09 13:51:28,094 [Worker-18: Building] INFO  o.a.m.s.f.DefaultMavenResourcesFiltering - skip non existing resourceDirectory /Users/chin/Documents/Java資策會/Spring/workspace/Topic/src/test/resources
2025-04-09 14:00:50,378 [Worker-8: Building] INFO  o.a.m.s.f.DefaultMavenResourcesFiltering - Copying 0 resource from src/main/resources to target/classes
2025-04-09 14:00:50,387 [Worker-8: Building] INFO  o.a.m.s.f.DefaultMavenResourcesFiltering - Copying 1 resource from src/main/resources to target/classes
2025-04-09 14:00:50,407 [Worker-8: Building] INFO  o.e.m.c.i.embedder.EclipseLogger - Starting Hibernate enhancement for classes on /Users/chin/Documents/Java資策會/Spring/workspace/Topic/target/classes
2025-04-09 14:00:50,566 [Worker-8: Building] INFO  o.a.m.s.f.DefaultMavenResourcesFiltering - skip non existing resourceDirectory /Users/chin/Documents/Java資策會/Spring/workspace/Topic/src/test/resources
2025-04-09 14:05:09,237 [Worker-4: Building] INFO  o.a.m.s.f.DefaultMavenResourcesFiltering - Copying 0 resource from src/main/resources to target/classes
2025-04-09 14:05:09,243 [Worker-4: Building] INFO  o.a.m.s.f.DefaultMavenResourcesFiltering - Copying 1 resource from src/main/resources to target/classes
2025-04-09 14:05:09,272 [Worker-4: Building] INFO  o.e.m.c.i.embedder.EclipseLogger - Starting Hibernate enhancement for classes on /Users/chin/Documents/Java資策會/Spring/workspace/Topic/target/classes
2025-04-09 14:05:09,548 [Worker-4: Building] INFO  o.a.m.s.f.DefaultMavenResourcesFiltering - skip non existing resourceDirectory /Users/chin/Documents/Java資策會/Spring/workspace/Topic/src/test/resources
2025-04-09 14:10:28,305 [Worker-19: Building] INFO  o.a.m.s.f.DefaultMavenResourcesFiltering - Copying 0 resource from src/main/resources to target/classes
2025-04-09 14:10:28,311 [Worker-19: Building] INFO  o.a.m.s.f.DefaultMavenResourcesFiltering - Copying 1 resource from src/main/resources to target/classes
2025-04-09 14:10:28,323 [Worker-19: Building] INFO  o.e.m.c.i.embedder.EclipseLogger - Starting Hibernate enhancement for classes on /Users/chin/Documents/Java資策會/Spring/workspace/Topic/target/classes
2025-04-09 14:10:28,552 [Worker-19: Building] INFO  o.a.m.s.f.DefaultMavenResourcesFiltering - skip non existing resourceDirectory /Users/chin/Documents/Java資策會/Spring/workspace/Topic/src/test/resources
2025-04-09 14:13:30,358 [Worker-4: Building] INFO  o.a.m.s.f.DefaultMavenResourcesFiltering - Copying 0 resource from src/main/resources to target/classes
2025-04-09 14:13:30,360 [Worker-4: Building] INFO  o.a.m.s.f.DefaultMavenResourcesFiltering - Copying 1 resource from src/main/resources to target/classes
2025-04-09 14:13:30,370 [Worker-4: Building] INFO  o.e.m.c.i.embedder.EclipseLogger - Starting Hibernate enhancement for classes on /Users/chin/Documents/Java資策會/Spring/workspace/Topic/target/classes
2025-04-09 14:13:30,459 [Worker-4: Building] INFO  o.a.m.s.f.DefaultMavenResourcesFiltering - skip non existing resourceDirectory /Users/chin/Documents/Java資策會/Spring/workspace/Topic/src/test/resources
2025-04-09 14:19:33,345 [Worker-2: Building] INFO  o.a.m.s.f.DefaultMavenResourcesFiltering - Copying 0 resource from src/main/resources to target/classes
2025-04-09 14:19:33,351 [Worker-2: Building] INFO  o.a.m.s.f.DefaultMavenResourcesFiltering - Copying 1 resource from src/main/resources to target/classes
2025-04-09 14:19:33,366 [Worker-2: Building] INFO  o.e.m.c.i.embedder.EclipseLogger - Starting Hibernate enhancement for classes on /Users/chin/Documents/Java資策會/Spring/workspace/Topic/target/classes
2025-04-09 14:19:33,987 [Worker-2: Building] INFO  o.a.m.s.f.DefaultMavenResourcesFiltering - skip non existing resourceDirectory /Users/chin/Documents/Java資策會/Spring/workspace/Topic/src/test/resources
2025-04-09 14:20:11,604 [Worker-18: Building] INFO  o.a.m.s.f.DefaultMavenResourcesFiltering - Copying 0 resource from src/main/resources to target/classes
2025-04-09 14:20:11,606 [Worker-18: Building] INFO  o.a.m.s.f.DefaultMavenResourcesFiltering - Copying 1 resource from src/main/resources to target/classes
2025-04-09 14:20:11,616 [Worker-18: Building] INFO  o.e.m.c.i.embedder.EclipseLogger - Starting Hibernate enhancement for classes on /Users/chin/Documents/Java資策會/Spring/workspace/Topic/target/classes
2025-04-09 14:20:11,718 [Worker-18: Building] INFO  o.a.m.s.f.DefaultMavenResourcesFiltering - skip non existing resourceDirectory /Users/chin/Documents/Java資策會/Spring/workspace/Topic/src/test/resources
2025-04-09 14:20:18,281 [Worker-2: Building] INFO  o.a.m.s.f.DefaultMavenResourcesFiltering - Copying 0 resource from src/main/resources to target/classes
2025-04-09 14:20:18,300 [Worker-2: Building] INFO  o.a.m.s.f.DefaultMavenResourcesFiltering - Copying 1 resource from src/main/resources to target/classes
2025-04-09 14:20:18,327 [Worker-2: Building] INFO  o.e.m.c.i.embedder.EclipseLogger - Starting Hibernate enhancement for classes on /Users/chin/Documents/Java資策會/Spring/workspace/Topic/target/classes
2025-04-09 14:20:18,417 [Worker-2: Building] INFO  o.a.m.s.f.DefaultMavenResourcesFiltering - skip non existing resourceDirectory /Users/chin/Documents/Java資策會/Spring/workspace/Topic/src/test/resources
2025-04-09 14:23:24,373 [Worker-20: Building] INFO  o.a.m.s.f.DefaultMavenResourcesFiltering - Copying 0 resource from src/main/resources to target/classes
2025-04-09 14:23:24,375 [Worker-20: Building] INFO  o.a.m.s.f.DefaultMavenResourcesFiltering - Copying 1 resource from src/main/resources to target/classes
2025-04-09 14:23:24,384 [Worker-20: Building] INFO  o.e.m.c.i.embedder.EclipseLogger - Starting Hibernate enhancement for classes on /Users/chin/Documents/Java資策會/Spring/workspace/Topic/target/classes
2025-04-09 14:23:24,507 [Worker-20: Building] INFO  o.a.m.s.f.DefaultMavenResourcesFiltering - skip non existing resourceDirectory /Users/chin/Documents/Java資策會/Spring/workspace/Topic/src/test/resources
2025-04-09 14:28:19,402 [Worker-20: Building] INFO  o.a.m.s.f.DefaultMavenResourcesFiltering - Copying 0 resource from src/main/resources to target/classes
2025-04-09 14:28:19,408 [Worker-20: Building] INFO  o.a.m.s.f.DefaultMavenResourcesFiltering - Copying 1 resource from src/main/resources to target/classes
2025-04-09 14:28:19,419 [Worker-20: Building] INFO  o.e.m.c.i.embedder.EclipseLogger - Starting Hibernate enhancement for classes on /Users/chin/Documents/Java資策會/Spring/workspace/Topic/target/classes
2025-04-09 14:28:19,574 [Worker-20: Building] INFO  o.a.m.s.f.DefaultMavenResourcesFiltering - skip non existing resourceDirectory /Users/chin/Documents/Java資策會/Spring/workspace/Topic/src/test/resources
2025-04-09 14:30:14,210 [Worker-7: Building] INFO  o.a.m.s.f.DefaultMavenResourcesFiltering - Copying 0 resource from src/main/resources to target/classes
2025-04-09 14:30:14,212 [Worker-7: Building] INFO  o.a.m.s.f.DefaultMavenResourcesFiltering - Copying 1 resource from src/main/resources to target/classes
2025-04-09 14:30:14,218 [Worker-7: Building] INFO  o.e.m.c.i.embedder.EclipseLogger - Starting Hibernate enhancement for classes on /Users/chin/Documents/Java資策會/Spring/workspace/Topic/target/classes
2025-04-09 14:30:14,322 [Worker-7: Building] INFO  o.a.m.s.f.DefaultMavenResourcesFiltering - skip non existing resourceDirectory /Users/chin/Documents/Java資策會/Spring/workspace/Topic/src/test/resources
2025-04-09 14:33:28,729 [Worker-19: Building] INFO  o.a.m.s.f.DefaultMavenResourcesFiltering - Copying 0 resource from src/main/resources to target/classes
2025-04-09 14:33:28,742 [Worker-19: Building] INFO  o.a.m.s.f.DefaultMavenResourcesFiltering - Copying 1 resource from src/main/resources to target/classes
2025-04-09 14:33:28,750 [Worker-19: Building] INFO  o.e.m.c.i.embedder.EclipseLogger - Starting Hibernate enhancement for classes on /Users/chin/Documents/Java資策會/Spring/workspace/Topic/target/classes
2025-04-09 14:33:29,045 [Worker-19: Building] INFO  o.a.m.s.f.DefaultMavenResourcesFiltering - skip non existing resourceDirectory /Users/chin/Documents/Java資策會/Spring/workspace/Topic/src/test/resources
2025-04-10 09:14:00,721 [Worker-5: Loading available Gradle versions] INFO  o.e.b.c.i.u.g.PublishedGradleVersions - Gradle version information cache is up-to-date. Trying to read.
2025-04-10 10:53:22,216 [Worker-15: Building] INFO  o.a.m.s.f.DefaultMavenResourcesFiltering - Copying 1 resource from src/main/resources to target/classes
2025-04-10 10:53:22,260 [Worker-15: Building] INFO  o.a.m.s.f.DefaultMavenResourcesFiltering - Copying 5 resources from src/main/resources to target/classes
2025-04-10 10:53:23,015 [Worker-15: Building] INFO  o.e.m.c.i.embedder.EclipseLogger - Starting Hibernate enhancement for classes on /Users/chin/Documents/Java資策會/Spring/workspace/Topic/target/classes
2025-04-10 10:53:23,566 [Worker-15: Building] INFO  o.a.m.s.f.DefaultMavenResourcesFiltering - skip non existing resourceDirectory /Users/chin/Documents/Java資策會/Spring/workspace/Topic/src/test/resources
2025-04-10 11:13:17,980 [Worker-17: Building] INFO  o.a.m.s.f.DefaultMavenResourcesFiltering - Copying 0 resource from src/main/resources to target/classes
2025-04-10 11:13:17,990 [Worker-17: Building] INFO  o.a.m.s.f.DefaultMavenResourcesFiltering - Copying 1 resource from src/main/resources to target/classes
2025-04-10 11:13:18,012 [Worker-17: Building] INFO  o.e.m.c.i.embedder.EclipseLogger - Starting Hibernate enhancement for classes on /Users/chin/Documents/Java資策會/Spring/workspace/Topic/target/classes
2025-04-10 11:13:18,169 [Worker-17: Building] INFO  o.a.m.s.f.DefaultMavenResourcesFiltering - skip non existing resourceDirectory /Users/chin/Documents/Java資策會/Spring/workspace/Topic/src/test/resources
2025-04-10 12:20:05,105 [Worker-16: Building] INFO  o.a.m.s.f.DefaultMavenResourcesFiltering - Copying 1 resource from src/main/resources to target/classes
2025-04-10 12:20:05,190 [Worker-16: Building] INFO  o.a.m.s.f.DefaultMavenResourcesFiltering - Copying 5 resources from src/main/resources to target/classes
2025-04-10 12:20:05,198 [Worker-16: Building] INFO  o.e.m.c.i.embedder.EclipseLogger - Starting Hibernate enhancement for classes on /Users/chin/Documents/Java資策會/Spring/workspace/Topic/target/classes
2025-04-10 12:20:05,282 [Worker-16: Building] INFO  o.a.m.s.f.DefaultMavenResourcesFiltering - skip non existing resourceDirectory /Users/chin/Documents/Java資策會/Spring/workspace/Topic/src/test/resources
2025-04-10 13:25:45,349 [Worker-18: Building] INFO  o.a.m.s.f.DefaultMavenResourcesFiltering - Copying 1 resource from src/main/resources to target/classes
2025-04-10 13:25:45,391 [Worker-18: Building] INFO  o.a.m.s.f.DefaultMavenResourcesFiltering - Copying 5 resources from src/main/resources to target/classes
2025-04-10 13:25:45,398 [Worker-18: Building] INFO  o.e.m.c.i.embedder.EclipseLogger - Starting Hibernate enhancement for classes on /Users/chin/Documents/Java資策會/Spring/workspace/Topic/target/classes
2025-04-10 13:25:45,598 [Worker-18: Building] INFO  o.a.m.s.f.DefaultMavenResourcesFiltering - skip non existing resourceDirectory /Users/chin/Documents/Java資策會/Spring/workspace/Topic/src/test/resources
2025-04-10 13:29:40,226 [Worker-20: Building] INFO  o.a.m.s.f.DefaultMavenResourcesFiltering - Copying 1 resource from src/main/resources to target/classes
2025-04-10 13:29:40,240 [Worker-20: Building] INFO  o.a.m.s.f.DefaultMavenResourcesFiltering - Copying 5 resources from src/main/resources to target/classes
2025-04-10 13:29:40,245 [Worker-20: Building] INFO  o.e.m.c.i.embedder.EclipseLogger - Starting Hibernate enhancement for classes on /Users/chin/Documents/Java資策會/Spring/workspace/Topic/target/classes
2025-04-10 13:29:40,338 [Worker-20: Building] INFO  o.a.m.s.f.DefaultMavenResourcesFiltering - skip non existing resourceDirectory /Users/chin/Documents/Java資策會/Spring/workspace/Topic/src/test/resources
2025-04-10 16:51:29,990 [Worker-35: Building] INFO  o.a.m.s.f.DefaultMavenResourcesFiltering - Copying 1 resource from src/main/resources to target/classes
2025-04-10 16:51:30,272 [Worker-35: Building] INFO  o.a.m.s.f.DefaultMavenResourcesFiltering - Copying 0 resource from src/main/resources to target/classes
2025-04-10 16:51:30,344 [Worker-35: Building] INFO  o.e.m.c.i.embedder.EclipseLogger - Starting Hibernate enhancement for classes on /Users/chin/Documents/Java資策會/Spring/workspace/Topic/target/classes
2025-04-10 16:51:31,041 [Worker-35: Building] INFO  o.a.m.s.f.DefaultMavenResourcesFiltering - skip non existing resourceDirectory /Users/chin/Documents/Java資策會/Spring/workspace/Topic/src/test/resources
2025-04-11 10:41:24,806 [Worker-4: Loading available Gradle versions] INFO  o.e.b.c.i.u.g.PublishedGradleVersions - Gradle version information cache is out-of-date. Trying to update.
2025-04-11 10:42:51,619 [Worker-14: Building] INFO  o.a.m.s.f.DefaultMavenResourcesFiltering - Copying 1 resource from src/main/resources to target/classes
2025-04-11 10:42:51,657 [Worker-14: Building] INFO  o.a.m.s.f.DefaultMavenResourcesFiltering - Copying 5 resources from src/main/resources to target/classes
2025-04-11 10:42:52,067 [Worker-14: Building] INFO  o.e.m.c.i.embedder.EclipseLogger - Starting Hibernate enhancement for classes on /Users/chin/Documents/Java資策會/Spring/workspace/Topic/target/classes
2025-04-11 10:42:52,923 [Worker-14: Building] INFO  o.a.m.s.f.DefaultMavenResourcesFiltering - skip non existing resourceDirectory /Users/chin/Documents/Java資策會/Spring/workspace/Topic/src/test/resources
2025-04-11 12:53:18,931 [Worker-1: Loading available Gradle versions] INFO  o.e.b.c.i.u.g.PublishedGradleVersions - Gradle version information cache is up-to-date. Trying to read.
2025-04-11 12:54:35,602 [Worker-9: Building] INFO  o.a.m.s.f.DefaultMavenResourcesFiltering - Copying 1 resource from src/main/resources to target/classes
2025-04-11 12:54:35,697 [Worker-9: Building] INFO  o.a.m.s.f.DefaultMavenResourcesFiltering - Copying 5 resources from src/main/resources to target/classes
2025-04-11 12:54:36,722 [Worker-9: Building] INFO  o.e.m.c.i.embedder.EclipseLogger - Starting Hibernate enhancement for classes on /Users/chin/Documents/Java資策會/Spring/workspace/Topic/target/classes
2025-04-11 12:54:37,564 [Worker-9: Building] INFO  o.a.m.s.f.DefaultMavenResourcesFiltering - skip non existing resourceDirectory /Users/chin/Documents/Java資策會/Spring/workspace/Topic/src/test/resources
2025-04-11 12:56:37,218 [Worker-11: Building] INFO  o.a.m.s.f.DefaultMavenResourcesFiltering - Copying 0 resource from src/main/resources to target/classes
2025-04-11 12:56:37,227 [Worker-11: Building] INFO  o.a.m.s.f.DefaultMavenResourcesFiltering - Copying 1 resource from src/main/resources to target/classes
2025-04-11 12:56:37,251 [Worker-11: Building] INFO  o.e.m.c.i.embedder.EclipseLogger - Starting Hibernate enhancement for classes on /Users/chin/Documents/Java資策會/Spring/workspace/Topic/target/classes
2025-04-11 12:56:37,385 [Worker-11: Building] INFO  o.a.m.s.f.DefaultMavenResourcesFiltering - skip non existing resourceDirectory /Users/chin/Documents/Java資策會/Spring/workspace/Topic/src/test/resources
2025-04-11 12:57:18,298 [Worker-11: Building] INFO  o.a.m.s.f.DefaultMavenResourcesFiltering - Copying 0 resource from src/main/resources to target/classes
2025-04-11 12:57:18,303 [Worker-11: Building] INFO  o.a.m.s.f.DefaultMavenResourcesFiltering - Copying 1 resource from src/main/resources to target/classes
2025-04-11 12:57:18,329 [Worker-11: Building] INFO  o.e.m.c.i.embedder.EclipseLogger - Starting Hibernate enhancement for classes on /Users/chin/Documents/Java資策會/Spring/workspace/Topic/target/classes
2025-04-11 12:57:18,404 [Worker-11: Building] INFO  o.a.m.s.f.DefaultMavenResourcesFiltering - skip non existing resourceDirectory /Users/chin/Documents/Java資策會/Spring/workspace/Topic/src/test/resources
2025-04-11 13:01:02,652 [Worker-11: Building] INFO  o.a.m.s.f.DefaultMavenResourcesFiltering - Copying 0 resource from src/main/resources to target/classes
2025-04-11 13:01:02,659 [Worker-11: Building] INFO  o.a.m.s.f.DefaultMavenResourcesFiltering - Copying 1 resource from src/main/resources to target/classes
2025-04-11 13:01:02,674 [Worker-11: Building] INFO  o.e.m.c.i.embedder.EclipseLogger - Starting Hibernate enhancement for classes on /Users/chin/Documents/Java資策會/Spring/workspace/Topic/target/classes
2025-04-11 13:01:02,754 [Worker-11: Building] INFO  o.a.m.s.f.DefaultMavenResourcesFiltering - skip non existing resourceDirectory /Users/chin/Documents/Java資策會/Spring/workspace/Topic/src/test/resources
2025-04-11 13:03:50,170 [Worker-6: Building] INFO  o.a.m.s.f.DefaultMavenResourcesFiltering - Copying 0 resource from src/main/resources to target/classes
2025-04-11 13:03:50,175 [Worker-6: Building] INFO  o.a.m.s.f.DefaultMavenResourcesFiltering - Copying 1 resource from src/main/resources to target/classes
2025-04-11 13:03:50,186 [Worker-6: Building] INFO  o.e.m.c.i.embedder.EclipseLogger - Starting Hibernate enhancement for classes on /Users/chin/Documents/Java資策會/Spring/workspace/Topic/target/classes
2025-04-11 13:03:50,304 [Worker-6: Building] INFO  o.a.m.s.f.DefaultMavenResourcesFiltering - skip non existing resourceDirectory /Users/chin/Documents/Java資策會/Spring/workspace/Topic/src/test/resources
2025-04-11 13:08:00,780 [Worker-2: Building] INFO  o.a.m.s.f.DefaultMavenResourcesFiltering - Copying 0 resource from src/main/resources to target/classes
2025-04-11 13:08:00,785 [Worker-2: Building] INFO  o.a.m.s.f.DefaultMavenResourcesFiltering - Copying 1 resource from src/main/resources to target/classes
2025-04-11 13:08:00,797 [Worker-2: Building] INFO  o.e.m.c.i.embedder.EclipseLogger - Starting Hibernate enhancement for classes on /Users/chin/Documents/Java資策會/Spring/workspace/Topic/target/classes
2025-04-11 13:08:00,909 [Worker-2: Building] INFO  o.a.m.s.f.DefaultMavenResourcesFiltering - skip non existing resourceDirectory /Users/chin/Documents/Java資策會/Spring/workspace/Topic/src/test/resources
2025-04-11 13:09:28,138 [Worker-6: Building] INFO  o.a.m.s.f.DefaultMavenResourcesFiltering - Copying 0 resource from src/main/resources to target/classes
2025-04-11 13:09:28,143 [Worker-6: Building] INFO  o.a.m.s.f.DefaultMavenResourcesFiltering - Copying 1 resource from src/main/resources to target/classes
2025-04-11 13:09:28,152 [Worker-6: Building] INFO  o.e.m.c.i.embedder.EclipseLogger - Starting Hibernate enhancement for classes on /Users/chin/Documents/Java資策會/Spring/workspace/Topic/target/classes
2025-04-11 13:09:28,265 [Worker-6: Building] INFO  o.a.m.s.f.DefaultMavenResourcesFiltering - skip non existing resourceDirectory /Users/chin/Documents/Java資策會/Spring/workspace/Topic/src/test/resources
2025-04-11 13:09:51,372 [Worker-9: Building] INFO  o.a.m.s.f.DefaultMavenResourcesFiltering - Copying 0 resource from src/main/resources to target/classes
2025-04-11 13:09:51,375 [Worker-9: Building] INFO  o.a.m.s.f.DefaultMavenResourcesFiltering - Copying 1 resource from src/main/resources to target/classes
2025-04-11 13:09:51,382 [Worker-9: Building] INFO  o.e.m.c.i.embedder.EclipseLogger - Starting Hibernate enhancement for classes on /Users/chin/Documents/Java資策會/Spring/workspace/Topic/target/classes
2025-04-11 13:09:51,485 [Worker-9: Building] INFO  o.a.m.s.f.DefaultMavenResourcesFiltering - skip non existing resourceDirectory /Users/chin/Documents/Java資策會/Spring/workspace/Topic/src/test/resources
2025-04-11 13:10:06,336 [Worker-2: Building] INFO  o.a.m.s.f.DefaultMavenResourcesFiltering - Copying 0 resource from src/main/resources to target/classes
2025-04-11 13:10:06,338 [Worker-2: Building] INFO  o.a.m.s.f.DefaultMavenResourcesFiltering - Copying 1 resource from src/main/resources to target/classes
2025-04-11 13:10:06,346 [Worker-2: Building] INFO  o.e.m.c.i.embedder.EclipseLogger - Starting Hibernate enhancement for classes on /Users/chin/Documents/Java資策會/Spring/workspace/Topic/target/classes
2025-04-11 13:10:06,406 [Worker-2: Building] INFO  o.a.m.s.f.DefaultMavenResourcesFiltering - skip non existing resourceDirectory /Users/chin/Documents/Java資策會/Spring/workspace/Topic/src/test/resources
2025-04-11 13:13:28,769 [Worker-14: Building] INFO  o.a.m.s.f.DefaultMavenResourcesFiltering - Copying 0 resource from src/main/resources to target/classes
2025-04-11 13:13:28,795 [Worker-14: Building] INFO  o.a.m.s.f.DefaultMavenResourcesFiltering - Copying 1 resource from src/main/resources to target/classes
2025-04-11 13:13:28,809 [Worker-14: Building] INFO  o.e.m.c.i.embedder.EclipseLogger - Starting Hibernate enhancement for classes on /Users/chin/Documents/Java資策會/Spring/workspace/Topic/target/classes
2025-04-11 13:13:28,957 [Worker-14: Building] INFO  o.a.m.s.f.DefaultMavenResourcesFiltering - skip non existing resourceDirectory /Users/chin/Documents/Java資策會/Spring/workspace/Topic/src/test/resources
2025-04-11 13:14:02,902 [Worker-5: Building] INFO  o.a.m.s.f.DefaultMavenResourcesFiltering - Copying 0 resource from src/main/resources to target/classes
2025-04-11 13:14:02,904 [Worker-5: Building] INFO  o.a.m.s.f.DefaultMavenResourcesFiltering - Copying 1 resource from src/main/resources to target/classes
2025-04-11 13:14:02,919 [Worker-5: Building] INFO  o.e.m.c.i.embedder.EclipseLogger - Starting Hibernate enhancement for classes on /Users/chin/Documents/Java資策會/Spring/workspace/Topic/target/classes
2025-04-11 13:14:03,001 [Worker-5: Building] INFO  o.a.m.s.f.DefaultMavenResourcesFiltering - skip non existing resourceDirectory /Users/chin/Documents/Java資策會/Spring/workspace/Topic/src/test/resources
2025-04-11 13:14:37,105 [Worker-12: Building] INFO  o.a.m.s.f.DefaultMavenResourcesFiltering - Copying 0 resource from src/main/resources to target/classes
2025-04-11 13:14:37,107 [Worker-12: Building] INFO  o.a.m.s.f.DefaultMavenResourcesFiltering - Copying 1 resource from src/main/resources to target/classes
2025-04-11 13:14:37,119 [Worker-12: Building] INFO  o.e.m.c.i.embedder.EclipseLogger - Starting Hibernate enhancement for classes on /Users/chin/Documents/Java資策會/Spring/workspace/Topic/target/classes
2025-04-11 13:14:37,160 [Worker-12: Building] INFO  o.a.m.s.f.DefaultMavenResourcesFiltering - skip non existing resourceDirectory /Users/chin/Documents/Java資策會/Spring/workspace/Topic/src/test/resources
2025-04-11 13:22:14,319 [Worker-0: Building] INFO  o.a.m.s.f.DefaultMavenResourcesFiltering - Copying 0 resource from src/main/resources to target/classes
2025-04-11 13:22:14,321 [Worker-0: Building] INFO  o.a.m.s.f.DefaultMavenResourcesFiltering - Copying 1 resource from src/main/resources to target/classes
2025-04-11 13:22:14,359 [Worker-0: Building] INFO  o.e.m.c.i.embedder.EclipseLogger - Starting Hibernate enhancement for classes on /Users/chin/Documents/Java資策會/Spring/workspace/Topic/target/classes
2025-04-11 13:22:14,450 [Worker-0: Building] INFO  o.a.m.s.f.DefaultMavenResourcesFiltering - skip non existing resourceDirectory /Users/chin/Documents/Java資策會/Spring/workspace/Topic/src/test/resources
2025-04-11 13:22:53,468 [Worker-11: Building] INFO  o.a.m.s.f.DefaultMavenResourcesFiltering - Copying 0 resource from src/main/resources to target/classes
2025-04-11 13:22:53,472 [Worker-11: Building] INFO  o.a.m.s.f.DefaultMavenResourcesFiltering - Copying 1 resource from src/main/resources to target/classes
2025-04-11 13:22:53,482 [Worker-11: Building] INFO  o.e.m.c.i.embedder.EclipseLogger - Starting Hibernate enhancement for classes on /Users/chin/Documents/Java資策會/Spring/workspace/Topic/target/classes
2025-04-11 13:22:53,535 [Worker-11: Building] INFO  o.a.m.s.f.DefaultMavenResourcesFiltering - skip non existing resourceDirectory /Users/chin/Documents/Java資策會/Spring/workspace/Topic/src/test/resources
2025-04-11 13:25:20,974 [Worker-13: Building] INFO  o.a.m.s.f.DefaultMavenResourcesFiltering - Copying 0 resource from src/main/resources to target/classes
2025-04-11 13:25:20,981 [Worker-13: Building] INFO  o.a.m.s.f.DefaultMavenResourcesFiltering - Copying 1 resource from src/main/resources to target/classes
2025-04-11 13:25:20,992 [Worker-13: Building] INFO  o.e.m.c.i.embedder.EclipseLogger - Starting Hibernate enhancement for classes on /Users/chin/Documents/Java資策會/Spring/workspace/Topic/target/classes
2025-04-11 13:25:21,064 [Worker-13: Building] INFO  o.a.m.s.f.DefaultMavenResourcesFiltering - skip non existing resourceDirectory /Users/chin/Documents/Java資策會/Spring/workspace/Topic/src/test/resources
2025-04-11 14:04:18,534 [Worker-14: Building] INFO  o.a.m.s.f.DefaultMavenResourcesFiltering - Copying 0 resource from src/main/resources to target/classes
2025-04-11 14:04:18,537 [Worker-14: Building] INFO  o.a.m.s.f.DefaultMavenResourcesFiltering - Copying 1 resource from src/main/resources to target/classes
2025-04-11 14:04:18,546 [Worker-14: Building] INFO  o.e.m.c.i.embedder.EclipseLogger - Starting Hibernate enhancement for classes on /Users/chin/Documents/Java資策會/Spring/workspace/Topic/target/classes
2025-04-11 14:04:18,673 [Worker-14: Building] INFO  o.a.m.s.f.DefaultMavenResourcesFiltering - skip non existing resourceDirectory /Users/chin/Documents/Java資策會/Spring/workspace/Topic/src/test/resources
2025-04-11 14:04:25,265 [Worker-14: Building] INFO  o.a.m.s.f.DefaultMavenResourcesFiltering - Copying 0 resource from src/main/resources to target/classes
2025-04-11 14:04:25,268 [Worker-14: Building] INFO  o.a.m.s.f.DefaultMavenResourcesFiltering - Copying 1 resource from src/main/resources to target/classes
2025-04-11 14:04:25,278 [Worker-14: Building] INFO  o.e.m.c.i.embedder.EclipseLogger - Starting Hibernate enhancement for classes on /Users/chin/Documents/Java資策會/Spring/workspace/Topic/target/classes
2025-04-11 14:04:25,452 [Worker-14: Building] INFO  o.a.m.s.f.DefaultMavenResourcesFiltering - skip non existing resourceDirectory /Users/chin/Documents/Java資策會/Spring/workspace/Topic/src/test/resources
2025-04-11 14:55:18,980 [Worker-2: Loading available Gradle versions] INFO  o.e.b.c.i.u.g.PublishedGradleVersions - Gradle version information cache is up-to-date. Trying to read.
2025-04-11 14:55:39,524 [Worker-8: Importing Maven projects] INFO  o.e.m.c.i.l.LifecycleMappingFactory - Using org.eclipse.m2e.jdt.JarLifecycleMapping lifecycle mapping for MavenProject: com.example:Topics:0.0.1-SNAPSHOT @ /Users/chin/Documents/Java資策會/Spring/workspace/Topics/pom.xml.
2025-04-11 14:55:40,782 [Worker-8: Importing Maven projects] INFO  o.e.m.j.i.AbstractJavaProjectConfigurator - Adding source folder /Topics/src/main/java
2025-04-11 14:55:40,784 [Worker-8: Importing Maven projects] INFO  o.e.m.j.i.AbstractJavaProjectConfigurator - Adding resource folder /Topics/src/main/resources
2025-04-11 14:55:40,788 [Worker-8: Importing Maven projects] INFO  o.e.m.j.i.AbstractJavaProjectConfigurator - Adding resource folder /Topics/src/main/resources
2025-04-11 14:55:40,792 [Worker-8: Importing Maven projects] INFO  o.e.m.j.i.AbstractJavaProjectConfigurator - Adding source folder /Topics/src/test/java
2025-04-11 14:55:40,793 [Worker-8: Importing Maven projects] INFO  o.e.m.j.i.AbstractJavaProjectConfigurator - Adding resource folder /Topics/src/test/resources
2025-04-11 14:55:42,278 [Worker-8: Importing Maven projects] INFO  o.e.m.c.i.p.ProjectConfigurationManager - Imported and configured 1 project(s) in 5 sec
2025-04-11 14:55:45,643 [Worker-20: Building] INFO  o.a.m.s.f.DefaultMavenResourcesFiltering - Copying 1 resource from src/main/resources to target/classes
2025-04-11 14:55:45,680 [Worker-20: Building] INFO  o.a.m.s.f.DefaultMavenResourcesFiltering - Copying 22 resources from src/main/resources to target/classes
2025-04-11 14:55:45,734 [Worker-20: Building] INFO  o.a.m.s.f.DefaultMavenResourcesFiltering - skip non existing resourceDirectory /Users/chin/Documents/Java資策會/Spring/workspace/Topics/src/test/resources
2025-04-11 14:56:24,868 [Worker-12: Building] INFO  o.a.m.s.f.DefaultMavenResourcesFiltering - Copying 1 resource from src/main/resources to target/classes
2025-04-11 14:56:24,878 [Worker-12: Building] INFO  o.a.m.s.f.DefaultMavenResourcesFiltering - Copying 22 resources from src/main/resources to target/classes
2025-04-11 14:56:24,885 [Worker-12: Building] INFO  o.a.m.s.f.DefaultMavenResourcesFiltering - skip non existing resourceDirectory /Users/chin/Documents/Java資策會/Spring/workspace/Topics/src/test/resources
2025-04-11 14:56:44,166 [Worker-18: Updating Maven Project] INFO  o.e.m.c.i.p.ProjectConfigurationManager - Update started
2025-04-11 14:56:44,789 [Worker-18: Updating Maven Project] INFO  o.e.m.c.i.l.LifecycleMappingFactory - Using org.eclipse.m2e.jdt.JarLifecycleMapping lifecycle mapping for MavenProject: com.example:Topics:0.0.1-SNAPSHOT @ /Users/chin/Documents/Java資策會/Spring/workspace/Topics/pom.xml.
2025-04-11 14:56:45,513 [Worker-18: Updating Maven Project] INFO  o.e.m.j.i.AbstractJavaProjectConfigurator - Adding source folder /Topics/src/main/java
2025-04-11 14:56:45,513 [Worker-18: Updating Maven Project] INFO  o.e.m.j.i.AbstractJavaProjectConfigurator - Adding resource folder /Topics/src/main/resources
2025-04-11 14:56:45,514 [Worker-18: Updating Maven Project] INFO  o.e.m.j.i.AbstractJavaProjectConfigurator - Adding resource folder /Topics/src/main/resources
2025-04-11 14:56:45,514 [Worker-18: Updating Maven Project] INFO  o.e.m.j.i.AbstractJavaProjectConfigurator - Adding source folder /Topics/src/test/java
2025-04-11 14:56:45,514 [Worker-18: Updating Maven Project] INFO  o.e.m.j.i.AbstractJavaProjectConfigurator - Adding resource folder /Topics/src/test/resources
2025-04-11 14:56:45,775 [Worker-18: Updating Maven Project] INFO  o.e.m.c.i.p.ProjectConfigurationManager - Update completed for 1 poms: local refresh takes 0.00 sec, refresh facades takes 1.00 sec, update config takes 0.00 sec 
2025-04-11 14:56:46,551 [Worker-18: Building] INFO  o.a.m.s.f.DefaultMavenResourcesFiltering - Copying 1 resource from src/main/resources to target/classes
2025-04-11 14:56:46,589 [Worker-18: Building] INFO  o.a.m.s.f.DefaultMavenResourcesFiltering - Copying 22 resources from src/main/resources to target/classes
2025-04-11 14:56:46,638 [Worker-18: Building] INFO  o.a.m.s.f.DefaultMavenResourcesFiltering - skip non existing resourceDirectory /Users/chin/Documents/Java資策會/Spring/workspace/Topics/src/test/resources
2025-04-11 15:09:40,602 [Worker-0: Building] INFO  o.a.m.s.f.DefaultMavenResourcesFiltering - Copying 1 resource from src/main/resources to target/classes
2025-04-11 15:09:40,763 [Worker-0: Building] INFO  o.a.m.s.f.DefaultMavenResourcesFiltering - Copying 0 resource from src/main/resources to target/classes
2025-04-11 15:09:40,768 [Worker-0: Building] INFO  o.a.m.s.f.DefaultMavenResourcesFiltering - skip non existing resourceDirectory /Users/chin/Documents/Java資策會/Spring/workspace/Topics/src/test/resources
2025-04-11 15:10:23,520 [Worker-6: Building] INFO  o.a.m.s.f.DefaultMavenResourcesFiltering - Copying 1 resource from src/main/resources to target/classes
2025-04-11 15:10:23,553 [Worker-6: Building] INFO  o.a.m.s.f.DefaultMavenResourcesFiltering - Copying 0 resource from src/main/resources to target/classes
2025-04-11 15:10:23,558 [Worker-6: Building] INFO  o.a.m.s.f.DefaultMavenResourcesFiltering - skip non existing resourceDirectory /Users/chin/Documents/Java資策會/Spring/workspace/Topics/src/test/resources
2025-04-11 16:21:10,365 [Worker-11: Building] INFO  o.a.m.s.f.DefaultMavenResourcesFiltering - Copying 1 resource from src/main/resources to target/classes
2025-04-11 16:21:10,444 [Worker-11: Building] INFO  o.a.m.s.f.DefaultMavenResourcesFiltering - Copying 22 resources from src/main/resources to target/classes
2025-04-11 16:21:10,451 [Worker-11: Building] INFO  o.a.m.s.f.DefaultMavenResourcesFiltering - skip non existing resourceDirectory /Users/chin/Documents/Java資策會/Spring/workspace/Topics/src/test/resources
2025-04-11 16:23:07,212 [Worker-22: Building] INFO  o.a.m.s.f.DefaultMavenResourcesFiltering - Copying 1 resource from src/main/resources to target/classes
2025-04-11 16:23:07,375 [Worker-22: Building] INFO  o.a.m.s.f.DefaultMavenResourcesFiltering - Copying 22 resources from src/main/resources to target/classes
2025-04-11 16:23:07,388 [Worker-22: Building] INFO  o.a.m.s.f.DefaultMavenResourcesFiltering - skip non existing resourceDirectory /Users/chin/Documents/Java資策會/Spring/workspace/Topics/src/test/resources
2025-04-11 16:23:08,683 [Worker-2: Building] INFO  o.a.m.s.f.DefaultMavenResourcesFiltering - Copying 1 resource from src/main/resources to target/classes
2025-04-11 16:23:08,996 [Worker-2: Building] INFO  o.a.m.s.f.DefaultMavenResourcesFiltering - Copying 22 resources from src/main/resources to target/classes
2025-04-11 16:23:09,005 [Worker-2: Building] INFO  o.a.m.s.f.DefaultMavenResourcesFiltering - skip non existing resourceDirectory /Users/chin/Documents/Java資策會/Spring/workspace/Topics/src/test/resources
2025-04-11 16:23:10,763 [Worker-17: Building] INFO  o.a.m.s.f.DefaultMavenResourcesFiltering - Copying 1 resource from src/main/resources to target/classes
2025-04-11 16:23:10,911 [Worker-17: Building] INFO  o.a.m.s.f.DefaultMavenResourcesFiltering - Copying 22 resources from src/main/resources to target/classes
2025-04-11 16:23:10,924 [Worker-17: Building] INFO  o.a.m.s.f.DefaultMavenResourcesFiltering - skip non existing resourceDirectory /Users/chin/Documents/Java資策會/Spring/workspace/Topics/src/test/resources
2025-04-11 16:24:26,591 [Worker-5: Building] INFO  o.a.m.s.f.DefaultMavenResourcesFiltering - Copying 1 resource from src/main/resources to target/classes
2025-04-11 16:24:26,674 [Worker-5: Building] INFO  o.a.m.s.f.DefaultMavenResourcesFiltering - Copying 22 resources from src/main/resources to target/classes
2025-04-11 16:24:26,685 [Worker-5: Building] INFO  o.a.m.s.f.DefaultMavenResourcesFiltering - skip non existing resourceDirectory /Users/chin/Documents/Java資策會/Spring/workspace/Topics/src/test/resources
2025-04-11 16:26:30,355 [Worker-17: Building] INFO  o.a.m.s.f.DefaultMavenResourcesFiltering - Copying 1 resource from src/main/resources to target/classes
2025-04-11 16:26:30,515 [Worker-17: Building] INFO  o.a.m.s.f.DefaultMavenResourcesFiltering - Copying 0 resource from src/main/resources to target/classes
2025-04-11 16:26:30,519 [Worker-17: Building] INFO  o.a.m.s.f.DefaultMavenResourcesFiltering - skip non existing resourceDirectory /Users/chin/Documents/Java資策會/Spring/workspace/Topics/src/test/resources
2025-04-11 16:27:34,356 [Worker-1: Building] INFO  o.a.m.s.f.DefaultMavenResourcesFiltering - Copying 1 resource from src/main/resources to target/classes
2025-04-11 16:27:34,385 [Worker-1: Building] INFO  o.a.m.s.f.DefaultMavenResourcesFiltering - Copying 22 resources from src/main/resources to target/classes
2025-04-11 16:27:34,393 [Worker-1: Building] INFO  o.a.m.s.f.DefaultMavenResourcesFiltering - skip non existing resourceDirectory /Users/chin/Documents/Java資策會/Spring/workspace/Topics/src/test/resources
2025-04-11 16:32:10,295 [Worker-5: Building] INFO  o.a.m.s.f.DefaultMavenResourcesFiltering - Copying 1 resource from src/main/resources to target/classes
2025-04-11 16:32:10,341 [Worker-5: Building] INFO  o.a.m.s.f.DefaultMavenResourcesFiltering - Copying 22 resources from src/main/resources to target/classes
2025-04-11 16:32:10,348 [Worker-5: Building] INFO  o.a.m.s.f.DefaultMavenResourcesFiltering - skip non existing resourceDirectory /Users/chin/Documents/Java資策會/Spring/workspace/Topics/src/test/resources
2025-04-11 16:32:11,503 [Worker-12: Building] INFO  o.a.m.s.f.DefaultMavenResourcesFiltering - Copying 1 resource from src/main/resources to target/classes
2025-04-11 16:32:11,621 [Worker-12: Building] INFO  o.a.m.s.f.DefaultMavenResourcesFiltering - Copying 22 resources from src/main/resources to target/classes
2025-04-11 16:32:11,627 [Worker-12: Building] INFO  o.a.m.s.f.DefaultMavenResourcesFiltering - skip non existing resourceDirectory /Users/chin/Documents/Java資策會/Spring/workspace/Topics/src/test/resources
2025-04-13 11:09:05,533 [Worker-7: Loading available Gradle versions] INFO  o.e.b.c.i.u.g.PublishedGradleVersions - Gradle version information cache is out-of-date. Trying to update.
2025-04-13 12:58:43,545 [Worker-24: Building] INFO  o.a.m.s.f.DefaultMavenResourcesFiltering - Copying 1 resource from src/main/resources to target/classes
2025-04-13 12:58:43,663 [Worker-24: Building] INFO  o.a.m.s.f.DefaultMavenResourcesFiltering - Copying 22 resources from src/main/resources to target/classes
2025-04-13 12:58:43,679 [Worker-24: Building] INFO  o.a.m.s.f.DefaultMavenResourcesFiltering - skip non existing resourceDirectory /Users/chin/Documents/Java資策會/Spring/workspace/Topics/src/test/resources
2025-04-13 12:59:50,489 [Worker-28: Building] INFO  o.a.m.s.f.DefaultMavenResourcesFiltering - Copying 1 resource from src/main/resources to target/classes
2025-04-13 12:59:50,500 [Worker-28: Building] INFO  o.a.m.s.f.DefaultMavenResourcesFiltering - Copying 23 resources from src/main/resources to target/classes
2025-04-13 12:59:50,518 [Worker-28: Building] INFO  o.a.m.s.f.DefaultMavenResourcesFiltering - skip non existing resourceDirectory /Users/chin/Documents/Java資策會/Spring/workspace/Topics/src/test/resources
2025-04-13 13:00:30,416 [Worker-27: Building] INFO  o.a.m.s.f.DefaultMavenResourcesFiltering - Copying 1 resource from src/main/resources to target/classes
2025-04-13 13:00:30,454 [Worker-27: Building] INFO  o.a.m.s.f.DefaultMavenResourcesFiltering - Copying 23 resources from src/main/resources to target/classes
2025-04-13 13:00:30,463 [Worker-27: Building] INFO  o.a.m.s.f.DefaultMavenResourcesFiltering - skip non existing resourceDirectory /Users/chin/Documents/Java資策會/Spring/workspace/Topics/src/test/resources
2025-04-13 13:02:55,131 [Worker-25: Building] INFO  o.a.m.s.f.DefaultMavenResourcesFiltering - Copying 1 resource from src/main/resources to target/classes
2025-04-13 13:02:55,174 [Worker-25: Building] INFO  o.a.m.s.f.DefaultMavenResourcesFiltering - Copying 23 resources from src/main/resources to target/classes
2025-04-13 13:02:55,182 [Worker-25: Building] INFO  o.a.m.s.f.DefaultMavenResourcesFiltering - skip non existing resourceDirectory /Users/chin/Documents/Java資策會/Spring/workspace/Topics/src/test/resources
2025-04-13 16:04:00,638 [Worker-4: Loading available Gradle versions] INFO  o.e.b.c.i.u.g.PublishedGradleVersions - Gradle version information cache is up-to-date. Trying to read.
2025-04-13 20:25:16,606 [Worker-27: Building] INFO  o.a.m.s.f.DefaultMavenResourcesFiltering - Copying 1 resource from src/main/resources to target/classes
2025-04-13 20:25:17,672 [Worker-27: Building] INFO  o.a.m.s.f.DefaultMavenResourcesFiltering - Copying 23 resources from src/main/resources to target/classes
2025-04-13 20:25:17,698 [Worker-27: Building] INFO  o.a.m.s.f.DefaultMavenResourcesFiltering - skip non existing resourceDirectory /Users/chin/Documents/Java資策會/Spring/workspace/Topics/src/test/resources
2025-04-13 21:38:59,168 [Worker-9: Building] INFO  o.a.m.s.f.DefaultMavenResourcesFiltering - Copying 1 resource from src/main/resources to target/classes
2025-04-13 21:38:59,208 [Worker-9: Building] INFO  o.a.m.s.f.DefaultMavenResourcesFiltering - Copying 22 resources from src/main/resources to target/classes
2025-04-13 21:38:59,219 [Worker-9: Building] INFO  o.a.m.s.f.DefaultMavenResourcesFiltering - skip non existing resourceDirectory /Users/chin/Documents/Java資策會/Spring/workspace/Topics/src/test/resources
2025-04-13 21:49:17,499 [Worker-33: Building] INFO  o.a.m.s.f.DefaultMavenResourcesFiltering - Copying 1 resource from src/main/resources to target/classes
2025-04-13 21:49:17,542 [Worker-33: Building] INFO  o.a.m.s.f.DefaultMavenResourcesFiltering - Copying 22 resources from src/main/resources to target/classes
2025-04-13 21:49:17,570 [Worker-33: Building] INFO  o.a.m.s.f.DefaultMavenResourcesFiltering - skip non existing resourceDirectory /Users/chin/Documents/Java資策會/Spring/workspace/Topics/src/test/resources
2025-04-13 21:50:21,767 [Worker-29: Building] INFO  o.a.m.s.f.DefaultMavenResourcesFiltering - Copying 1 resource from src/main/resources to target/classes
2025-04-13 21:50:21,775 [Worker-29: Building] INFO  o.a.m.s.f.DefaultMavenResourcesFiltering - Copying 22 resources from src/main/resources to target/classes
2025-04-13 21:50:21,783 [Worker-29: Building] INFO  o.a.m.s.f.DefaultMavenResourcesFiltering - skip non existing resourceDirectory /Users/chin/Documents/Java資策會/Spring/workspace/Topics/src/test/resources
2025-04-13 21:51:17,726 [Worker-32: Building] INFO  o.a.m.s.f.DefaultMavenResourcesFiltering - Copying 1 resource from src/main/resources to target/classes
2025-04-13 21:51:17,745 [Worker-32: Building] INFO  o.a.m.s.f.DefaultMavenResourcesFiltering - Copying 22 resources from src/main/resources to target/classes
2025-04-13 21:51:17,754 [Worker-32: Building] INFO  o.a.m.s.f.DefaultMavenResourcesFiltering - skip non existing resourceDirectory /Users/chin/Documents/Java資策會/Spring/workspace/Topics/src/test/resources
2025-04-13 21:53:27,373 [Worker-9: Building] INFO  o.a.m.s.f.DefaultMavenResourcesFiltering - Copying 1 resource from src/main/resources to target/classes
2025-04-13 21:53:27,442 [Worker-9: Building] INFO  o.a.m.s.f.DefaultMavenResourcesFiltering - Copying 22 resources from src/main/resources to target/classes
2025-04-13 21:53:27,458 [Worker-9: Building] INFO  o.a.m.s.f.DefaultMavenResourcesFiltering - skip non existing resourceDirectory /Users/chin/Documents/Java資策會/Spring/workspace/Topics/src/test/resources
2025-04-13 21:53:56,741 [Worker-35: Building] INFO  o.a.m.s.f.DefaultMavenResourcesFiltering - Copying 1 resource from src/main/resources to target/classes
2025-04-13 21:53:56,762 [Worker-35: Building] INFO  o.a.m.s.f.DefaultMavenResourcesFiltering - Copying 22 resources from src/main/resources to target/classes
2025-04-13 21:53:56,769 [Worker-35: Building] INFO  o.a.m.s.f.DefaultMavenResourcesFiltering - skip non existing resourceDirectory /Users/chin/Documents/Java資策會/Spring/workspace/Topics/src/test/resources
2025-04-13 23:43:09,060 [Worker-27: Building] INFO  o.a.m.s.f.DefaultMavenResourcesFiltering - Copying 1 resource from src/main/resources to target/classes
2025-04-13 23:43:09,437 [Worker-27: Building] INFO  o.a.m.s.f.DefaultMavenResourcesFiltering - Copying 22 resources from src/main/resources to target/classes
2025-04-13 23:43:09,445 [Worker-27: Building] INFO  o.a.m.s.f.DefaultMavenResourcesFiltering - skip non existing resourceDirectory /Users/chin/Documents/Java資策會/Spring/workspace/Topics/src/test/resources
2025-04-13 23:43:18,894 [Worker-25: Building] INFO  o.a.m.s.f.DefaultMavenResourcesFiltering - Copying 1 resource from src/main/resources to target/classes
2025-04-13 23:43:19,255 [Worker-25: Building] INFO  o.a.m.s.f.DefaultMavenResourcesFiltering - Copying 22 resources from src/main/resources to target/classes
2025-04-13 23:43:19,303 [Worker-25: Building] INFO  o.a.m.s.f.DefaultMavenResourcesFiltering - skip non existing resourceDirectory /Users/chin/Documents/Java資策會/Spring/workspace/Topics/src/test/resources
2025-04-14 00:04:11,276 [Worker-28: Building] INFO  o.a.m.s.f.DefaultMavenResourcesFiltering - Copying 1 resource from src/main/resources to target/classes
2025-04-14 00:04:11,396 [Worker-28: Building] INFO  o.a.m.s.f.DefaultMavenResourcesFiltering - Copying 22 resources from src/main/resources to target/classes
2025-04-14 00:04:11,404 [Worker-28: Building] INFO  o.a.m.s.f.DefaultMavenResourcesFiltering - skip non existing resourceDirectory /Users/chin/Documents/Java資策會/Spring/workspace/Topics/src/test/resources
2025-04-14 00:04:24,049 [Worker-32: Building] INFO  o.a.m.s.f.DefaultMavenResourcesFiltering - Copying 1 resource from src/main/resources to target/classes
2025-04-14 00:04:24,057 [Worker-32: Building] INFO  o.a.m.s.f.DefaultMavenResourcesFiltering - Copying 22 resources from src/main/resources to target/classes
2025-04-14 00:04:24,063 [Worker-32: Building] INFO  o.a.m.s.f.DefaultMavenResourcesFiltering - skip non existing resourceDirectory /Users/chin/Documents/Java資策會/Spring/workspace/Topics/src/test/resources
2025-04-14 00:06:09,166 [Worker-0: Building] INFO  o.a.m.s.f.DefaultMavenResourcesFiltering - Copying 1 resource from src/main/resources to target/classes
2025-04-14 00:06:09,199 [Worker-0: Building] INFO  o.a.m.s.f.DefaultMavenResourcesFiltering - Copying 22 resources from src/main/resources to target/classes
2025-04-14 00:06:09,205 [Worker-0: Building] INFO  o.a.m.s.f.DefaultMavenResourcesFiltering - skip non existing resourceDirectory /Users/chin/Documents/Java資策會/Spring/workspace/Topics/src/test/resources
2025-04-14 09:26:17,382 [Worker-2: Loading available Gradle versions] INFO  o.e.b.c.i.u.g.PublishedGradleVersions - Gradle version information cache is up-to-date. Trying to read.
2025-04-14 09:26:27,967 [Worker-2: Launching Topics - TopicsApplication] INFO  o.a.m.s.f.DefaultMavenResourcesFiltering - Copying 1 resource from src/main/resources to target/classes
2025-04-14 09:26:27,997 [Worker-2: Launching Topics - TopicsApplication] INFO  o.a.m.s.f.DefaultMavenResourcesFiltering - Copying 22 resources from src/main/resources to target/classes
2025-04-14 09:26:28,048 [Worker-2: Launching Topics - TopicsApplication] INFO  o.a.m.s.f.DefaultMavenResourcesFiltering - skip non existing resourceDirectory /Users/chin/Documents/Java資策會/Spring/workspace/Topics/src/test/resources
2025-04-14 10:12:05,528 [Worker-5: Building] INFO  o.a.m.s.f.DefaultMavenResourcesFiltering - Copying 1 resource from src/main/resources to target/classes
2025-04-14 10:12:05,538 [Worker-5: Building] INFO  o.a.m.s.f.DefaultMavenResourcesFiltering - Copying 22 resources from src/main/resources to target/classes
2025-04-14 10:12:05,544 [Worker-5: Building] INFO  o.a.m.s.f.DefaultMavenResourcesFiltering - skip non existing resourceDirectory /Users/chin/Documents/Java資策會/Spring/workspace/Topics/src/test/resources
2025-04-14 10:16:53,277 [Worker-5: Building] INFO  o.a.m.s.f.DefaultMavenResourcesFiltering - Copying 1 resource from src/main/resources to target/classes
2025-04-14 10:16:53,285 [Worker-5: Building] INFO  o.a.m.s.f.DefaultMavenResourcesFiltering - Copying 22 resources from src/main/resources to target/classes
2025-04-14 10:16:53,292 [Worker-5: Building] INFO  o.a.m.s.f.DefaultMavenResourcesFiltering - skip non existing resourceDirectory /Users/chin/Documents/Java資策會/Spring/workspace/Topics/src/test/resources
2025-04-14 11:14:21,116 [Worker-18: Building] INFO  o.a.m.s.f.DefaultMavenResourcesFiltering - Copying 1 resource from src/main/resources to target/classes
2025-04-14 11:14:21,127 [Worker-18: Building] INFO  o.a.m.s.f.DefaultMavenResourcesFiltering - Copying 22 resources from src/main/resources to target/classes
2025-04-14 11:14:21,137 [Worker-18: Building] INFO  o.a.m.s.f.DefaultMavenResourcesFiltering - skip non existing resourceDirectory /Users/chin/Documents/Java資策會/Spring/workspace/Topics/src/test/resources
2025-04-14 11:21:15,349 [Worker-5: Building] INFO  o.a.m.s.f.DefaultMavenResourcesFiltering - Copying 1 resource from src/main/resources to target/classes
2025-04-14 11:21:15,405 [Worker-5: Building] INFO  o.a.m.s.f.DefaultMavenResourcesFiltering - Copying 22 resources from src/main/resources to target/classes
2025-04-14 11:21:15,412 [Worker-5: Building] INFO  o.a.m.s.f.DefaultMavenResourcesFiltering - skip non existing resourceDirectory /Users/chin/Documents/Java資策會/Spring/workspace/Topics/src/test/resources
2025-04-14 11:21:22,773 [Worker-20: Building] INFO  o.a.m.s.f.DefaultMavenResourcesFiltering - Copying 1 resource from src/main/resources to target/classes
2025-04-14 11:21:22,810 [Worker-20: Building] INFO  o.a.m.s.f.DefaultMavenResourcesFiltering - Copying 22 resources from src/main/resources to target/classes
2025-04-14 11:21:22,827 [Worker-20: Building] INFO  o.a.m.s.f.DefaultMavenResourcesFiltering - skip non existing resourceDirectory /Users/chin/Documents/Java資策會/Spring/workspace/Topics/src/test/resources
2025-04-14 12:08:42,172 [Worker-26: Building] INFO  o.a.m.s.f.DefaultMavenResourcesFiltering - Copying 1 resource from src/main/resources to target/classes
2025-04-14 12:08:42,260 [Worker-26: Building] INFO  o.a.m.s.f.DefaultMavenResourcesFiltering - Copying 22 resources from src/main/resources to target/classes
2025-04-14 12:08:42,266 [Worker-26: Building] INFO  o.a.m.s.f.DefaultMavenResourcesFiltering - skip non existing resourceDirectory /Users/chin/Documents/Java資策會/Spring/workspace/Topics/src/test/resources
2025-04-14 12:08:50,372 [Worker-3: Building] INFO  o.a.m.s.f.DefaultMavenResourcesFiltering - Copying 1 resource from src/main/resources to target/classes
2025-04-14 12:08:50,413 [Worker-3: Building] INFO  o.a.m.s.f.DefaultMavenResourcesFiltering - Copying 22 resources from src/main/resources to target/classes
2025-04-14 12:08:50,422 [Worker-3: Building] INFO  o.a.m.s.f.DefaultMavenResourcesFiltering - skip non existing resourceDirectory /Users/chin/Documents/Java資策會/Spring/workspace/Topics/src/test/resources
2025-04-14 12:26:58,786 [Worker-1: Building] INFO  o.a.m.s.f.DefaultMavenResourcesFiltering - Copying 1 resource from src/main/resources to target/classes
2025-04-14 12:26:59,089 [Worker-1: Building] INFO  o.a.m.s.f.DefaultMavenResourcesFiltering - Copying 22 resources from src/main/resources to target/classes
2025-04-14 12:26:59,106 [Worker-1: Building] INFO  o.a.m.s.f.DefaultMavenResourcesFiltering - skip non existing resourceDirectory /Users/chin/Documents/Java資策會/Spring/workspace/Topics/src/test/resources
2025-04-14 12:28:33,545 [Worker-1: Building] INFO  o.a.m.s.f.DefaultMavenResourcesFiltering - Copying 1 resource from src/main/resources to target/classes
2025-04-14 12:28:33,554 [Worker-1: Building] INFO  o.a.m.s.f.DefaultMavenResourcesFiltering - Copying 22 resources from src/main/resources to target/classes
2025-04-14 12:28:33,561 [Worker-1: Building] INFO  o.a.m.s.f.DefaultMavenResourcesFiltering - skip non existing resourceDirectory /Users/chin/Documents/Java資策會/Spring/workspace/Topics/src/test/resources
2025-04-14 12:49:30,384 [Worker-20: Building] INFO  o.a.m.s.f.DefaultMavenResourcesFiltering - Copying 1 resource from src/main/resources to target/classes
2025-04-14 12:49:30,414 [Worker-20: Building] INFO  o.a.m.s.f.DefaultMavenResourcesFiltering - Copying 22 resources from src/main/resources to target/classes
2025-04-14 12:49:30,421 [Worker-20: Building] INFO  o.a.m.s.f.DefaultMavenResourcesFiltering - skip non existing resourceDirectory /Users/chin/Documents/Java資策會/Spring/workspace/Topics/src/test/resources
2025-04-14 13:16:27,104 [Worker-26: Building] INFO  o.a.m.s.f.DefaultMavenResourcesFiltering - Copying 1 resource from src/main/resources to target/classes
2025-04-14 13:16:27,167 [Worker-26: Building] INFO  o.a.m.s.f.DefaultMavenResourcesFiltering - Copying 22 resources from src/main/resources to target/classes
2025-04-14 13:16:27,182 [Worker-26: Building] INFO  o.a.m.s.f.DefaultMavenResourcesFiltering - skip non existing resourceDirectory /Users/chin/Documents/Java資策會/Spring/workspace/Topics/src/test/resources
2025-04-14 13:16:49,448 [Worker-5: Building] INFO  o.a.m.s.f.DefaultMavenResourcesFiltering - Copying 1 resource from src/main/resources to target/classes
2025-04-14 13:16:49,466 [Worker-5: Building] INFO  o.a.m.s.f.DefaultMavenResourcesFiltering - Copying 22 resources from src/main/resources to target/classes
2025-04-14 13:16:49,473 [Worker-5: Building] INFO  o.a.m.s.f.DefaultMavenResourcesFiltering - skip non existing resourceDirectory /Users/chin/Documents/Java資策會/Spring/workspace/Topics/src/test/resources
2025-04-14 13:22:04,326 [Worker-19: Building] INFO  o.a.m.s.f.DefaultMavenResourcesFiltering - Copying 1 resource from src/main/resources to target/classes
2025-04-14 13:22:04,393 [Worker-19: Building] INFO  o.a.m.s.f.DefaultMavenResourcesFiltering - Copying 22 resources from src/main/resources to target/classes
2025-04-14 13:22:04,400 [Worker-19: Building] INFO  o.a.m.s.f.DefaultMavenResourcesFiltering - skip non existing resourceDirectory /Users/chin/Documents/Java資策會/Spring/workspace/Topics/src/test/resources
2025-04-14 13:22:12,793 [Worker-3: Building] INFO  o.a.m.s.f.DefaultMavenResourcesFiltering - Copying 1 resource from src/main/resources to target/classes
2025-04-14 13:22:12,810 [Worker-3: Building] INFO  o.a.m.s.f.DefaultMavenResourcesFiltering - Copying 22 resources from src/main/resources to target/classes
2025-04-14 13:22:12,815 [Worker-3: Building] INFO  o.a.m.s.f.DefaultMavenResourcesFiltering - skip non existing resourceDirectory /Users/chin/Documents/Java資策會/Spring/workspace/Topics/src/test/resources
2025-04-14 13:31:01,786 [Worker-19: Building] INFO  o.a.m.s.f.DefaultMavenResourcesFiltering - Copying 1 resource from src/main/resources to target/classes
2025-04-14 13:31:01,933 [Worker-19: Building] INFO  o.a.m.s.f.DefaultMavenResourcesFiltering - Copying 22 resources from src/main/resources to target/classes
2025-04-14 13:31:01,946 [Worker-19: Building] INFO  o.a.m.s.f.DefaultMavenResourcesFiltering - skip non existing resourceDirectory /Users/chin/Documents/Java資策會/Spring/workspace/Topics/src/test/resources
2025-04-14 13:41:28,710 [Worker-28: Building] INFO  o.a.m.s.f.DefaultMavenResourcesFiltering - Copying 1 resource from src/main/resources to target/classes
2025-04-14 13:41:28,740 [Worker-28: Building] INFO  o.a.m.s.f.DefaultMavenResourcesFiltering - Copying 22 resources from src/main/resources to target/classes
2025-04-14 13:41:28,747 [Worker-28: Building] INFO  o.a.m.s.f.DefaultMavenResourcesFiltering - skip non existing resourceDirectory /Users/chin/Documents/Java資策會/Spring/workspace/Topics/src/test/resources
2025-04-14 14:07:38,829 [Worker-9: Building] INFO  o.a.m.s.f.DefaultMavenResourcesFiltering - Copying 1 resource from src/main/resources to target/classes
2025-04-14 14:07:38,919 [Worker-9: Building] INFO  o.a.m.s.f.DefaultMavenResourcesFiltering - Copying 22 resources from src/main/resources to target/classes
2025-04-14 14:07:38,925 [Worker-9: Building] INFO  o.a.m.s.f.DefaultMavenResourcesFiltering - skip non existing resourceDirectory /Users/chin/Documents/Java資策會/Spring/workspace/Topics/src/test/resources
2025-04-14 15:45:05,382 [Worker-30: Building] INFO  o.a.m.s.f.DefaultMavenResourcesFiltering - Copying 1 resource from src/main/resources to target/classes
2025-04-14 15:45:05,549 [Worker-30: Building] INFO  o.a.m.s.f.DefaultMavenResourcesFiltering - Copying 22 resources from src/main/resources to target/classes
2025-04-14 15:45:05,559 [Worker-30: Building] INFO  o.a.m.s.f.DefaultMavenResourcesFiltering - skip non existing resourceDirectory /Users/chin/Documents/Java資策會/Spring/workspace/Topics/src/test/resources
2025-04-14 16:04:52,420 [Worker-30: Building] INFO  o.a.m.s.f.DefaultMavenResourcesFiltering - Copying 1 resource from src/main/resources to target/classes
2025-04-14 16:04:52,620 [Worker-30: Building] INFO  o.a.m.s.f.DefaultMavenResourcesFiltering - Copying 22 resources from src/main/resources to target/classes
2025-04-14 16:04:52,626 [Worker-30: Building] INFO  o.a.m.s.f.DefaultMavenResourcesFiltering - skip non existing resourceDirectory /Users/chin/Documents/Java資策會/Spring/workspace/Topics/src/test/resources
2025-04-14 16:05:05,901 [Worker-18: Building] INFO  o.a.m.s.f.DefaultMavenResourcesFiltering - Copying 1 resource from src/main/resources to target/classes
2025-04-14 16:05:05,913 [Worker-18: Building] INFO  o.a.m.s.f.DefaultMavenResourcesFiltering - Copying 22 resources from src/main/resources to target/classes
2025-04-14 16:05:05,921 [Worker-18: Building] INFO  o.a.m.s.f.DefaultMavenResourcesFiltering - skip non existing resourceDirectory /Users/chin/Documents/Java資策會/Spring/workspace/Topics/src/test/resources
2025-04-14 16:07:56,734 [Worker-4: Building] INFO  o.a.m.s.f.DefaultMavenResourcesFiltering - Copying 1 resource from src/main/resources to target/classes
2025-04-14 16:07:56,765 [Worker-4: Building] INFO  o.a.m.s.f.DefaultMavenResourcesFiltering - Copying 22 resources from src/main/resources to target/classes
2025-04-14 16:07:56,771 [Worker-4: Building] INFO  o.a.m.s.f.DefaultMavenResourcesFiltering - skip non existing resourceDirectory /Users/chin/Documents/Java資策會/Spring/workspace/Topics/src/test/resources
2025-04-14 16:10:54,442 [Worker-4: Building] INFO  o.a.m.s.f.DefaultMavenResourcesFiltering - Copying 1 resource from src/main/resources to target/classes
2025-04-14 16:10:54,482 [Worker-4: Building] INFO  o.a.m.s.f.DefaultMavenResourcesFiltering - Copying 22 resources from src/main/resources to target/classes
2025-04-14 16:10:54,513 [Worker-4: Building] INFO  o.a.m.s.f.DefaultMavenResourcesFiltering - skip non existing resourceDirectory /Users/chin/Documents/Java資策會/Spring/workspace/Topics/src/test/resources
2025-04-14 16:11:33,444 [Worker-29: Building] INFO  o.a.m.s.f.DefaultMavenResourcesFiltering - Copying 1 resource from src/main/resources to target/classes
2025-04-14 16:11:33,452 [Worker-29: Building] INFO  o.a.m.s.f.DefaultMavenResourcesFiltering - Copying 22 resources from src/main/resources to target/classes
2025-04-14 16:11:33,457 [Worker-29: Building] INFO  o.a.m.s.f.DefaultMavenResourcesFiltering - skip non existing resourceDirectory /Users/chin/Documents/Java資策會/Spring/workspace/Topics/src/test/resources
2025-04-14 17:06:58,605 [Worker-28: Building] INFO  o.a.m.s.f.DefaultMavenResourcesFiltering - Copying 1 resource from src/main/resources to target/classes
2025-04-14 17:06:58,778 [Worker-28: Building] INFO  o.a.m.s.f.DefaultMavenResourcesFiltering - Copying 22 resources from src/main/resources to target/classes
2025-04-14 17:06:58,786 [Worker-28: Building] INFO  o.a.m.s.f.DefaultMavenResourcesFiltering - skip non existing resourceDirectory /Users/chin/Documents/Java資策會/Spring/workspace/Topics/src/test/resources
2025-04-15 09:35:21,944 [Worker-28: Building] INFO  o.a.m.s.f.DefaultMavenResourcesFiltering - Copying 1 resource from src/main/resources to target/classes
2025-04-15 09:35:22,124 [Worker-28: Building] INFO  o.a.m.s.f.DefaultMavenResourcesFiltering - Copying 22 resources from src/main/resources to target/classes
2025-04-15 09:35:22,134 [Worker-28: Building] INFO  o.a.m.s.f.DefaultMavenResourcesFiltering - skip non existing resourceDirectory /Users/chin/Documents/Java資策會/Spring/workspace/Topics/src/test/resources
2025-04-15 09:42:46,620 [Worker-30: Building] INFO  o.a.m.s.f.DefaultMavenResourcesFiltering - Copying 1 resource from src/main/resources to target/classes
2025-04-15 09:42:46,639 [Worker-30: Building] INFO  o.a.m.s.f.DefaultMavenResourcesFiltering - Copying 22 resources from src/main/resources to target/classes
2025-04-15 09:42:46,651 [Worker-30: Building] INFO  o.a.m.s.f.DefaultMavenResourcesFiltering - skip non existing resourceDirectory /Users/chin/Documents/Java資策會/Spring/workspace/Topics/src/test/resources
2025-04-15 09:46:10,109 [Worker-20: Building] INFO  o.a.m.s.f.DefaultMavenResourcesFiltering - Copying 1 resource from src/main/resources to target/classes
2025-04-15 09:46:10,227 [Worker-20: Building] INFO  o.a.m.s.f.DefaultMavenResourcesFiltering - Copying 22 resources from src/main/resources to target/classes
2025-04-15 09:46:10,233 [Worker-20: Building] INFO  o.a.m.s.f.DefaultMavenResourcesFiltering - skip non existing resourceDirectory /Users/chin/Documents/Java資策會/Spring/workspace/Topics/src/test/resources
2025-04-15 09:50:16,439 [Worker-30: Building] INFO  o.a.m.s.f.DefaultMavenResourcesFiltering - Copying 1 resource from src/main/resources to target/classes
2025-04-15 09:50:16,459 [Worker-30: Building] INFO  o.a.m.s.f.DefaultMavenResourcesFiltering - Copying 22 resources from src/main/resources to target/classes
2025-04-15 09:50:16,466 [Worker-30: Building] INFO  o.a.m.s.f.DefaultMavenResourcesFiltering - skip non existing resourceDirectory /Users/chin/Documents/Java資策會/Spring/workspace/Topics/src/test/resources
2025-04-15 09:52:21,725 [Worker-31: Building] INFO  o.a.m.s.f.DefaultMavenResourcesFiltering - Copying 1 resource from src/main/resources to target/classes
2025-04-15 09:52:21,787 [Worker-31: Building] INFO  o.a.m.s.f.DefaultMavenResourcesFiltering - Copying 22 resources from src/main/resources to target/classes
2025-04-15 09:52:21,794 [Worker-31: Building] INFO  o.a.m.s.f.DefaultMavenResourcesFiltering - skip non existing resourceDirectory /Users/chin/Documents/Java資策會/Spring/workspace/Topics/src/test/resources
2025-04-15 09:53:28,154 [Worker-3: Building] INFO  o.a.m.s.f.DefaultMavenResourcesFiltering - Copying 1 resource from src/main/resources to target/classes
2025-04-15 09:53:28,162 [Worker-3: Building] INFO  o.a.m.s.f.DefaultMavenResourcesFiltering - Copying 22 resources from src/main/resources to target/classes
2025-04-15 09:53:28,171 [Worker-3: Building] INFO  o.a.m.s.f.DefaultMavenResourcesFiltering - skip non existing resourceDirectory /Users/chin/Documents/Java資策會/Spring/workspace/Topics/src/test/resources
2025-04-15 09:54:05,493 [Worker-3: Building] INFO  o.a.m.s.f.DefaultMavenResourcesFiltering - Copying 1 resource from src/main/resources to target/classes
2025-04-15 09:54:05,500 [Worker-3: Building] INFO  o.a.m.s.f.DefaultMavenResourcesFiltering - Copying 22 resources from src/main/resources to target/classes
2025-04-15 09:54:05,504 [Worker-3: Building] INFO  o.a.m.s.f.DefaultMavenResourcesFiltering - skip non existing resourceDirectory /Users/chin/Documents/Java資策會/Spring/workspace/Topics/src/test/resources
2025-04-15 10:02:16,875 [Worker-29: Building] INFO  o.a.m.s.f.DefaultMavenResourcesFiltering - Copying 1 resource from src/main/resources to target/classes
2025-04-15 10:02:16,983 [Worker-29: Building] INFO  o.a.m.s.f.DefaultMavenResourcesFiltering - Copying 22 resources from src/main/resources to target/classes
2025-04-15 10:02:16,993 [Worker-29: Building] INFO  o.a.m.s.f.DefaultMavenResourcesFiltering - skip non existing resourceDirectory /Users/chin/Documents/Java資策會/Spring/workspace/Topics/src/test/resources
2025-04-15 10:02:27,933 [Worker-28: Building] INFO  o.a.m.s.f.DefaultMavenResourcesFiltering - Copying 1 resource from src/main/resources to target/classes
2025-04-15 10:02:27,998 [Worker-28: Building] INFO  o.a.m.s.f.DefaultMavenResourcesFiltering - Copying 22 resources from src/main/resources to target/classes
2025-04-15 10:02:28,005 [Worker-28: Building] INFO  o.a.m.s.f.DefaultMavenResourcesFiltering - skip non existing resourceDirectory /Users/chin/Documents/Java資策會/Spring/workspace/Topics/src/test/resources
2025-04-15 10:03:18,958 [Worker-29: Building] INFO  o.a.m.s.f.DefaultMavenResourcesFiltering - Copying 1 resource from src/main/resources to target/classes
2025-04-15 10:03:19,007 [Worker-29: Building] INFO  o.a.m.s.f.DefaultMavenResourcesFiltering - Copying 22 resources from src/main/resources to target/classes
2025-04-15 10:03:19,013 [Worker-29: Building] INFO  o.a.m.s.f.DefaultMavenResourcesFiltering - skip non existing resourceDirectory /Users/chin/Documents/Java資策會/Spring/workspace/Topics/src/test/resources
2025-04-15 10:04:51,826 [Worker-18: Building] INFO  o.a.m.s.f.DefaultMavenResourcesFiltering - Copying 1 resource from src/main/resources to target/classes
2025-04-15 10:04:51,928 [Worker-18: Building] INFO  o.a.m.s.f.DefaultMavenResourcesFiltering - Copying 22 resources from src/main/resources to target/classes
2025-04-15 10:04:51,942 [Worker-18: Building] INFO  o.a.m.s.f.DefaultMavenResourcesFiltering - skip non existing resourceDirectory /Users/chin/Documents/Java資策會/Spring/workspace/Topics/src/test/resources
2025-04-15 10:05:05,061 [Worker-18: Building] INFO  o.a.m.s.f.DefaultMavenResourcesFiltering - Copying 1 resource from src/main/resources to target/classes
2025-04-15 10:05:05,070 [Worker-18: Building] INFO  o.a.m.s.f.DefaultMavenResourcesFiltering - Copying 22 resources from src/main/resources to target/classes
2025-04-15 10:05:05,076 [Worker-18: Building] INFO  o.a.m.s.f.DefaultMavenResourcesFiltering - skip non existing resourceDirectory /Users/chin/Documents/Java資策會/Spring/workspace/Topics/src/test/resources
2025-04-15 10:53:37,175 [Worker-4: Building] INFO  o.a.m.s.f.DefaultMavenResourcesFiltering - Copying 1 resource from src/main/resources to target/classes
2025-04-15 10:53:37,291 [Worker-4: Building] INFO  o.a.m.s.f.DefaultMavenResourcesFiltering - Copying 22 resources from src/main/resources to target/classes
2025-04-15 10:53:37,296 [Worker-4: Building] INFO  o.a.m.s.f.DefaultMavenResourcesFiltering - skip non existing resourceDirectory /Users/chin/Documents/Java資策會/Spring/workspace/Topics/src/test/resources
